INFO:__main__:checkpoint folder: tangtv-video-lr0.0001-ntk32-ep200-202603131134
INFO:__main__:Signal: tangtv, Model: video
INFO:__main__:Train shots: 245, Valid shots: 30, Test shots: 30
INFO:__main__:Sample data shape: torch.Size([16, 2, 25, 128, 128]), n_channels: 2
INFO:__main__:Model parameters: 1,573,442
INFO:tokamak_foundation_model.trainer.trainer:Training modality: tangtv
INFO:tokamak_foundation_model.trainer.trainer:Epoch 1/200, Train Loss: 0.2984
INFO:tokamak_foundation_model.trainer.trainer:Epoch 1/200, Val Loss: 0.2669
INFO:tokamak_foundation_model.trainer.trainer:Best model checkpoint saved!
INFO:tokamak_foundation_model.trainer.trainer:Epoch 2/200, Train Loss: 0.1913
INFO:tokamak_foundation_model.trainer.trainer:Epoch 2/200, Val Loss: 0.2722
INFO:tokamak_foundation_model.trainer.trainer:Epoch 3/200, Train Loss: 0.1673
INFO:tokamak_foundation_model.trainer.trainer:Epoch 3/200, Val Loss: 0.2204
INFO:tokamak_foundation_model.trainer.trainer:Best model checkpoint saved!
INFO:tokamak_foundation_model.trainer.trainer:Epoch 4/200, Train Loss: 0.1576
INFO:tokamak_foundation_model.trainer.trainer:Epoch 4/200, Val Loss: 0.2200
INFO:tokamak_foundation_model.trainer.trainer:Best model checkpoint saved!
INFO:tokamak_foundation_model.trainer.trainer:Epoch 5/200, Train Loss: 0.1488
INFO:tokamak_foundation_model.trainer.trainer:Epoch 5/200, Val Loss: 0.2086
INFO:tokamak_foundation_model.trainer.trainer:Best model checkpoint saved!
INFO:tokamak_foundation_model.trainer.trainer:Epoch 6/200, Train Loss: 0.1432
INFO:tokamak_foundation_model.trainer.trainer:Epoch 6/200, Val Loss: 0.2069
INFO:tokamak_foundation_model.trainer.trainer:Best model checkpoint saved!
INFO:tokamak_foundation_model.trainer.trainer:Epoch 7/200, Train Loss: 0.1409
INFO:tokamak_foundation_model.trainer.trainer:Epoch 7/200, Val Loss: 0.2014
INFO:tokamak_foundation_model.trainer.trainer:Best model checkpoint saved!
INFO:tokamak_foundation_model.trainer.trainer:Epoch 8/200, Train Loss: 0.1368
INFO:tokamak_foundation_model.trainer.trainer:Epoch 8/200, Val Loss: 0.1970
INFO:tokamak_foundation_model.trainer.trainer:Best model checkpoint saved!
INFO:tokamak_foundation_model.trainer.trainer:Epoch 9/200, Train Loss: 0.1329
INFO:tokamak_foundation_model.trainer.trainer:Epoch 9/200, Val Loss: 0.2605
INFO:tokamak_foundation_model.trainer.trainer:Epoch 10/200, Train Loss: 0.1337
INFO:tokamak_foundation_model.trainer.trainer:Epoch 10/200, Val Loss: 0.1990
INFO:tokamak_foundation_model.trainer.trainer:Epoch 11/200, Train Loss: 0.1272
INFO:tokamak_foundation_model.trainer.trainer:Epoch 11/200, Val Loss: 0.2018
INFO:tokamak_foundation_model.trainer.trainer:Epoch 12/200, Train Loss: 0.1235
INFO:tokamak_foundation_model.trainer.trainer:Epoch 12/200, Val Loss: 0.1943
INFO:tokamak_foundation_model.trainer.trainer:Best model checkpoint saved!
INFO:tokamak_foundation_model.trainer.trainer:Epoch 13/200, Train Loss: 0.1242
INFO:tokamak_foundation_model.trainer.trainer:Epoch 13/200, Val Loss: 0.1904
INFO:tokamak_foundation_model.trainer.trainer:Best model checkpoint saved!
INFO:tokamak_foundation_model.trainer.trainer:Epoch 14/200, Train Loss: 0.1215
INFO:tokamak_foundation_model.trainer.trainer:Epoch 14/200, Val Loss: 0.1930
INFO:tokamak_foundation_model.trainer.trainer:Epoch 15/200, Train Loss: 0.1278
INFO:tokamak_foundation_model.trainer.trainer:Epoch 15/200, Val Loss: 0.1914
INFO:tokamak_foundation_model.trainer.trainer:Epoch 16/200, Train Loss: 0.1175
INFO:tokamak_foundation_model.trainer.trainer:Epoch 16/200, Val Loss: 0.1891
INFO:tokamak_foundation_model.trainer.trainer:Best model checkpoint saved!
INFO:tokamak_foundation_model.trainer.trainer:Epoch 17/200, Train Loss: 0.1161
INFO:tokamak_foundation_model.trainer.trainer:Epoch 17/200, Val Loss: 0.1930
INFO:tokamak_foundation_model.trainer.trainer:Epoch 18/200, Train Loss: 0.1151
INFO:tokamak_foundation_model.trainer.trainer:Epoch 18/200, Val Loss: 0.1863
INFO:tokamak_foundation_model.trainer.trainer:Best model checkpoint saved!
INFO:tokamak_foundation_model.trainer.trainer:Epoch 19/200, Train Loss: 0.1136
INFO:tokamak_foundation_model.trainer.trainer:Epoch 19/200, Val Loss: 0.1833
INFO:tokamak_foundation_model.trainer.trainer:Best model checkpoint saved!
INFO:tokamak_foundation_model.trainer.trainer:Epoch 20/200, Train Loss: 0.1112
INFO:tokamak_foundation_model.trainer.trainer:Epoch 20/200, Val Loss: 0.1831
INFO:tokamak_foundation_model.trainer.trainer:Best model checkpoint saved!
INFO:tokamak_foundation_model.trainer.trainer:Epoch 21/200, Train Loss: 0.1139
INFO:tokamak_foundation_model.trainer.trainer:Epoch 21/200, Val Loss: 0.1798
INFO:tokamak_foundation_model.trainer.trainer:Best model checkpoint saved!
INFO:tokamak_foundation_model.trainer.trainer:Epoch 22/200, Train Loss: 0.1110
INFO:tokamak_foundation_model.trainer.trainer:Epoch 22/200, Val Loss: 0.1813
INFO:tokamak_foundation_model.trainer.trainer:Epoch 23/200, Train Loss: 0.1079
INFO:tokamak_foundation_model.trainer.trainer:Epoch 23/200, Val Loss: 0.1803
INFO:tokamak_foundation_model.trainer.trainer:Epoch 24/200, Train Loss: 0.1089
INFO:tokamak_foundation_model.trainer.trainer:Epoch 24/200, Val Loss: 0.1818
INFO:tokamak_foundation_model.trainer.trainer:Epoch 25/200, Train Loss: 0.1072
INFO:tokamak_foundation_model.trainer.trainer:Epoch 25/200, Val Loss: 0.1792
INFO:tokamak_foundation_model.trainer.trainer:Best model checkpoint saved!
INFO:tokamak_foundation_model.trainer.trainer:Epoch 26/200, Train Loss: 0.1063
INFO:tokamak_foundation_model.trainer.trainer:Epoch 26/200, Val Loss: 0.1800
INFO:tokamak_foundation_model.trainer.trainer:Epoch 27/200, Train Loss: 0.1061
INFO:tokamak_foundation_model.trainer.trainer:Epoch 27/200, Val Loss: 0.2025
INFO:tokamak_foundation_model.trainer.trainer:Epoch 28/200, Train Loss: 0.1118
INFO:tokamak_foundation_model.trainer.trainer:Epoch 28/200, Val Loss: 0.1787
INFO:tokamak_foundation_model.trainer.trainer:Best model checkpoint saved!
INFO:tokamak_foundation_model.trainer.trainer:Epoch 29/200, Train Loss: 0.1036
INFO:tokamak_foundation_model.trainer.trainer:Epoch 29/200, Val Loss: 0.1773
INFO:tokamak_foundation_model.trainer.trainer:Best model checkpoint saved!
INFO:tokamak_foundation_model.trainer.trainer:Epoch 30/200, Train Loss: 0.1025
INFO:tokamak_foundation_model.trainer.trainer:Epoch 30/200, Val Loss: 0.1760
INFO:tokamak_foundation_model.trainer.trainer:Best model checkpoint saved!
INFO:tokamak_foundation_model.trainer.trainer:Epoch 31/200, Train Loss: 0.1020
INFO:tokamak_foundation_model.trainer.trainer:Epoch 31/200, Val Loss: 0.1764
INFO:tokamak_foundation_model.trainer.trainer:Epoch 32/200, Train Loss: 0.1038
INFO:tokamak_foundation_model.trainer.trainer:Epoch 32/200, Val Loss: 0.1872
INFO:tokamak_foundation_model.trainer.trainer:Epoch 33/200, Train Loss: 0.1031
INFO:tokamak_foundation_model.trainer.trainer:Epoch 33/200, Val Loss: 0.1762
INFO:tokamak_foundation_model.trainer.trainer:Epoch 34/200, Train Loss: 0.1001
INFO:tokamak_foundation_model.trainer.trainer:Epoch 34/200, Val Loss: 0.1750
INFO:tokamak_foundation_model.trainer.trainer:Best model checkpoint saved!
INFO:tokamak_foundation_model.trainer.trainer:Epoch 35/200, Train Loss: 0.0997
INFO:tokamak_foundation_model.trainer.trainer:Epoch 35/200, Val Loss: 0.1743
INFO:tokamak_foundation_model.trainer.trainer:Best model checkpoint saved!
INFO:tokamak_foundation_model.trainer.trainer:Epoch 36/200, Train Loss: 0.1017
INFO:tokamak_foundation_model.trainer.trainer:Epoch 36/200, Val Loss: 0.1763
INFO:tokamak_foundation_model.trainer.trainer:Epoch 37/200, Train Loss: 0.0988
INFO:tokamak_foundation_model.trainer.trainer:Epoch 37/200, Val Loss: 0.1743
INFO:tokamak_foundation_model.trainer.trainer:Epoch 38/200, Train Loss: 0.0988
INFO:tokamak_foundation_model.trainer.trainer:Epoch 38/200, Val Loss: 0.1735
INFO:tokamak_foundation_model.trainer.trainer:Best model checkpoint saved!
INFO:tokamak_foundation_model.trainer.trainer:Epoch 39/200, Train Loss: 0.1004
INFO:tokamak_foundation_model.trainer.trainer:Epoch 39/200, Val Loss: 0.1734
INFO:tokamak_foundation_model.trainer.trainer:Best model checkpoint saved!
INFO:tokamak_foundation_model.trainer.trainer:Epoch 40/200, Train Loss: 0.0989
INFO:tokamak_foundation_model.trainer.trainer:Epoch 40/200, Val Loss: 0.1786
INFO:tokamak_foundation_model.trainer.trainer:Epoch 41/200, Train Loss: 0.0984
INFO:tokamak_foundation_model.trainer.trainer:Epoch 41/200, Val Loss: 0.1731
INFO:tokamak_foundation_model.trainer.trainer:Best model checkpoint saved!
INFO:tokamak_foundation_model.trainer.trainer:Epoch 42/200, Train Loss: 0.0975
INFO:tokamak_foundation_model.trainer.trainer:Epoch 42/200, Val Loss: 0.1759
INFO:tokamak_foundation_model.trainer.trainer:Epoch 43/200, Train Loss: 0.0973
INFO:tokamak_foundation_model.trainer.trainer:Epoch 43/200, Val Loss: 0.1737
INFO:tokamak_foundation_model.trainer.trainer:Epoch 44/200, Train Loss: 0.0958
INFO:tokamak_foundation_model.trainer.trainer:Epoch 44/200, Val Loss: 0.1724
INFO:tokamak_foundation_model.trainer.trainer:Best model checkpoint saved!
INFO:tokamak_foundation_model.trainer.trainer:Epoch 45/200, Train Loss: 0.0979
INFO:tokamak_foundation_model.trainer.trainer:Epoch 45/200, Val Loss: 0.1759
INFO:tokamak_foundation_model.trainer.trainer:Epoch 46/200, Train Loss: 0.0971
INFO:tokamak_foundation_model.trainer.trainer:Epoch 46/200, Val Loss: 0.1725
INFO:tokamak_foundation_model.trainer.trainer:Epoch 47/200, Train Loss: 0.0952
INFO:tokamak_foundation_model.trainer.trainer:Epoch 47/200, Val Loss: 0.1725
INFO:tokamak_foundation_model.trainer.trainer:Epoch 48/200, Train Loss: 0.0956
INFO:tokamak_foundation_model.trainer.trainer:Epoch 48/200, Val Loss: 0.1726
INFO:tokamak_foundation_model.trainer.trainer:Epoch 49/200, Train Loss: 0.0943
INFO:tokamak_foundation_model.trainer.trainer:Epoch 49/200, Val Loss: 0.1734
INFO:tokamak_foundation_model.trainer.trainer:Epoch 50/200, Train Loss: 0.0939
INFO:tokamak_foundation_model.trainer.trainer:Epoch 50/200, Val Loss: 0.1773
INFO:tokamak_foundation_model.trainer.trainer:Epoch 51/200, Train Loss: 0.0946
INFO:tokamak_foundation_model.trainer.trainer:Epoch 51/200, Val Loss: 0.1713
INFO:tokamak_foundation_model.trainer.trainer:Best model checkpoint saved!
INFO:tokamak_foundation_model.trainer.trainer:Epoch 52/200, Train Loss: 0.0940
INFO:tokamak_foundation_model.trainer.trainer:Epoch 52/200, Val Loss: 0.1723
INFO:tokamak_foundation_model.trainer.trainer:Epoch 53/200, Train Loss: 0.0941
INFO:tokamak_foundation_model.trainer.trainer:Epoch 53/200, Val Loss: 0.1783
INFO:tokamak_foundation_model.trainer.trainer:Epoch 54/200, Train Loss: 0.0942
INFO:tokamak_foundation_model.trainer.trainer:Epoch 54/200, Val Loss: 0.1727
INFO:tokamak_foundation_model.trainer.trainer:Epoch 55/200, Train Loss: 0.0931
INFO:tokamak_foundation_model.trainer.trainer:Epoch 55/200, Val Loss: 0.1719
INFO:tokamak_foundation_model.trainer.trainer:Epoch 56/200, Train Loss: 0.0944
INFO:tokamak_foundation_model.trainer.trainer:Epoch 56/200, Val Loss: 0.1724
INFO:tokamak_foundation_model.trainer.trainer:Epoch 57/200, Train Loss: 0.0930
INFO:tokamak_foundation_model.trainer.trainer:Epoch 57/200, Val Loss: 0.1709
INFO:tokamak_foundation_model.trainer.trainer:Best model checkpoint saved!
INFO:tokamak_foundation_model.trainer.trainer:Epoch 58/200, Train Loss: 0.0916
INFO:tokamak_foundation_model.trainer.trainer:Epoch 58/200, Val Loss: 0.1749
INFO:tokamak_foundation_model.trainer.trainer:Epoch 59/200, Train Loss: 0.0921
INFO:tokamak_foundation_model.trainer.trainer:Epoch 59/200, Val Loss: 0.1696
INFO:tokamak_foundation_model.trainer.trainer:Best model checkpoint saved!
INFO:tokamak_foundation_model.trainer.trainer:Epoch 60/200, Train Loss: 0.0923
INFO:tokamak_foundation_model.trainer.trainer:Epoch 60/200, Val Loss: 0.1707
INFO:tokamak_foundation_model.trainer.trainer:Epoch 61/200, Train Loss: 0.0915
INFO:tokamak_foundation_model.trainer.trainer:Epoch 61/200, Val Loss: 0.1712
INFO:tokamak_foundation_model.trainer.trainer:Epoch 62/200, Train Loss: 0.0923
INFO:tokamak_foundation_model.trainer.trainer:Epoch 62/200, Val Loss: 0.1709
INFO:tokamak_foundation_model.trainer.trainer:Epoch 63/200, Train Loss: 0.0912
INFO:tokamak_foundation_model.trainer.trainer:Epoch 63/200, Val Loss: 0.1704
INFO:tokamak_foundation_model.trainer.trainer:Epoch 64/200, Train Loss: 0.0907
INFO:tokamak_foundation_model.trainer.trainer:Epoch 64/200, Val Loss: 0.1702
INFO:tokamak_foundation_model.trainer.trainer:Epoch 65/200, Train Loss: 0.0911
INFO:tokamak_foundation_model.trainer.trainer:Epoch 65/200, Val Loss: 0.1701
INFO:tokamak_foundation_model.trainer.trainer:Epoch 66/200, Train Loss: 0.0916
INFO:tokamak_foundation_model.trainer.trainer:Epoch 66/200, Val Loss: 0.1724
INFO:tokamak_foundation_model.trainer.trainer:Epoch 67/200, Train Loss: 0.0904
INFO:tokamak_foundation_model.trainer.trainer:Epoch 67/200, Val Loss: 0.1702
INFO:tokamak_foundation_model.trainer.trainer:Epoch 68/200, Train Loss: 0.0900
INFO:tokamak_foundation_model.trainer.trainer:Epoch 68/200, Val Loss: 0.1702
INFO:tokamak_foundation_model.trainer.trainer:Epoch 69/200, Train Loss: 0.0898
INFO:tokamak_foundation_model.trainer.trainer:Epoch 69/200, Val Loss: 0.1738
INFO:tokamak_foundation_model.trainer.trainer:Epoch 70/200, Train Loss: 0.0918
INFO:tokamak_foundation_model.trainer.trainer:Epoch 70/200, Val Loss: 0.1718
INFO:tokamak_foundation_model.trainer.trainer:Epoch 71/200, Train Loss: 0.0896
INFO:tokamak_foundation_model.trainer.trainer:Epoch 71/200, Val Loss: 0.1700
INFO:tokamak_foundation_model.trainer.trainer:Epoch 72/200, Train Loss: 0.0903
INFO:tokamak_foundation_model.trainer.trainer:Epoch 72/200, Val Loss: 0.1698
INFO:tokamak_foundation_model.trainer.trainer:Epoch 73/200, Train Loss: 0.0894
INFO:tokamak_foundation_model.trainer.trainer:Epoch 73/200, Val Loss: 0.1700
INFO:tokamak_foundation_model.trainer.trainer:Epoch 74/200, Train Loss: 0.0899
INFO:tokamak_foundation_model.trainer.trainer:Epoch 74/200, Val Loss: 0.1703
INFO:tokamak_foundation_model.trainer.trainer:Epoch 75/200, Train Loss: 0.0891
INFO:tokamak_foundation_model.trainer.trainer:Epoch 75/200, Val Loss: 0.1693
INFO:tokamak_foundation_model.trainer.trainer:Best model checkpoint saved!
INFO:tokamak_foundation_model.trainer.trainer:Epoch 76/200, Train Loss: 0.0898
INFO:tokamak_foundation_model.trainer.trainer:Epoch 76/200, Val Loss: 0.1767
INFO:tokamak_foundation_model.trainer.trainer:Epoch 77/200, Train Loss: 0.0902
INFO:tokamak_foundation_model.trainer.trainer:Epoch 77/200, Val Loss: 0.1687
INFO:tokamak_foundation_model.trainer.trainer:Best model checkpoint saved!
INFO:tokamak_foundation_model.trainer.trainer:Epoch 78/200, Train Loss: 0.0882
INFO:tokamak_foundation_model.trainer.trainer:Epoch 78/200, Val Loss: 0.1692
INFO:tokamak_foundation_model.trainer.trainer:Epoch 79/200, Train Loss: 0.0878
INFO:tokamak_foundation_model.trainer.trainer:Epoch 79/200, Val Loss: 0.1714
INFO:tokamak_foundation_model.trainer.trainer:Epoch 80/200, Train Loss: 0.0876
INFO:tokamak_foundation_model.trainer.trainer:Epoch 80/200, Val Loss: 0.1693
INFO:tokamak_foundation_model.trainer.trainer:Epoch 81/200, Train Loss: 0.0890
INFO:tokamak_foundation_model.trainer.trainer:Epoch 81/200, Val Loss: 0.1691
INFO:tokamak_foundation_model.trainer.trainer:Epoch 82/200, Train Loss: 0.0877
INFO:tokamak_foundation_model.trainer.trainer:Epoch 82/200, Val Loss: 0.1689
INFO:tokamak_foundation_model.trainer.trainer:Epoch 83/200, Train Loss: 0.0883
INFO:tokamak_foundation_model.trainer.trainer:Epoch 83/200, Val Loss: 0.1695
INFO:tokamak_foundation_model.trainer.trainer:Epoch 84/200, Train Loss: 0.0872
INFO:tokamak_foundation_model.trainer.trainer:Epoch 84/200, Val Loss: 0.1697
INFO:tokamak_foundation_model.trainer.trainer:Epoch 85/200, Train Loss: 0.0881
INFO:tokamak_foundation_model.trainer.trainer:Epoch 85/200, Val Loss: 0.1704
INFO:tokamak_foundation_model.trainer.trainer:Epoch 86/200, Train Loss: 0.0872
INFO:tokamak_foundation_model.trainer.trainer:Epoch 86/200, Val Loss: 0.1687
INFO:tokamak_foundation_model.trainer.trainer:Epoch 87/200, Train Loss: 0.0878
INFO:tokamak_foundation_model.trainer.trainer:Epoch 87/200, Val Loss: 0.1686
INFO:tokamak_foundation_model.trainer.trainer:Best model checkpoint saved!
INFO:tokamak_foundation_model.trainer.trainer:Epoch 88/200, Train Loss: 0.0873
INFO:tokamak_foundation_model.trainer.trainer:Epoch 88/200, Val Loss: 0.1689
INFO:tokamak_foundation_model.trainer.trainer:Epoch 89/200, Train Loss: 0.0863
INFO:tokamak_foundation_model.trainer.trainer:Epoch 89/200, Val Loss: 0.1691
INFO:tokamak_foundation_model.trainer.trainer:Epoch 90/200, Train Loss: 0.0872
INFO:tokamak_foundation_model.trainer.trainer:Epoch 90/200, Val Loss: 0.1688
INFO:tokamak_foundation_model.trainer.trainer:Epoch 91/200, Train Loss: 0.0869
INFO:tokamak_foundation_model.trainer.trainer:Epoch 91/200, Val Loss: 0.1685
INFO:tokamak_foundation_model.trainer.trainer:Best model checkpoint saved!
INFO:tokamak_foundation_model.trainer.trainer:Epoch 92/200, Train Loss: 0.0860
INFO:tokamak_foundation_model.trainer.trainer:Epoch 92/200, Val Loss: 0.1697
INFO:tokamak_foundation_model.trainer.trainer:Epoch 93/200, Train Loss: 0.0872
INFO:tokamak_foundation_model.trainer.trainer:Epoch 93/200, Val Loss: 0.1695
INFO:tokamak_foundation_model.trainer.trainer:Epoch 94/200, Train Loss: 0.0863
INFO:tokamak_foundation_model.trainer.trainer:Epoch 94/200, Val Loss: 0.1689
INFO:tokamak_foundation_model.trainer.trainer:Epoch 95/200, Train Loss: 0.0863
INFO:tokamak_foundation_model.trainer.trainer:Epoch 95/200, Val Loss: 0.1703
INFO:tokamak_foundation_model.trainer.trainer:Epoch 96/200, Train Loss: 0.0858
INFO:tokamak_foundation_model.trainer.trainer:Epoch 96/200, Val Loss: 0.1695
INFO:tokamak_foundation_model.trainer.trainer:Epoch 97/200, Train Loss: 0.0858
INFO:tokamak_foundation_model.trainer.trainer:Epoch 97/200, Val Loss: 0.1703
INFO:tokamak_foundation_model.trainer.trainer:Epoch 98/200, Train Loss: 0.0865
INFO:tokamak_foundation_model.trainer.trainer:Epoch 98/200, Val Loss: 0.1700
INFO:tokamak_foundation_model.trainer.trainer:Epoch 99/200, Train Loss: 0.0859
INFO:tokamak_foundation_model.trainer.trainer:Epoch 99/200, Val Loss: 0.1685
INFO:tokamak_foundation_model.trainer.trainer:Best model checkpoint saved!
INFO:tokamak_foundation_model.trainer.trainer:Epoch 100/200, Train Loss: 0.0857
INFO:tokamak_foundation_model.trainer.trainer:Epoch 100/200, Val Loss: 0.1688
INFO:tokamak_foundation_model.trainer.trainer:Epoch 101/200, Train Loss: 0.0850
INFO:tokamak_foundation_model.trainer.trainer:Epoch 101/200, Val Loss: 0.1693
INFO:tokamak_foundation_model.trainer.trainer:Epoch 102/200, Train Loss: 0.0852
INFO:tokamak_foundation_model.trainer.trainer:Epoch 102/200, Val Loss: 0.1706
INFO:tokamak_foundation_model.trainer.trainer:Epoch 103/200, Train Loss: 0.0854
INFO:tokamak_foundation_model.trainer.trainer:Epoch 103/200, Val Loss: 0.1693
INFO:tokamak_foundation_model.trainer.trainer:Epoch 104/200, Train Loss: 0.0850
INFO:tokamak_foundation_model.trainer.trainer:Epoch 104/200, Val Loss: 0.1688
INFO:tokamak_foundation_model.trainer.trainer:Epoch 105/200, Train Loss: 0.0853
INFO:tokamak_foundation_model.trainer.trainer:Epoch 105/200, Val Loss: 0.1686
INFO:tokamak_foundation_model.trainer.trainer:Epoch 106/200, Train Loss: 0.0861
INFO:tokamak_foundation_model.trainer.trainer:Epoch 106/200, Val Loss: 0.1680
INFO:tokamak_foundation_model.trainer.trainer:Best model checkpoint saved!
INFO:tokamak_foundation_model.trainer.trainer:Epoch 107/200, Train Loss: 0.0846
INFO:tokamak_foundation_model.trainer.trainer:Epoch 107/200, Val Loss: 0.1689
INFO:tokamak_foundation_model.trainer.trainer:Epoch 108/200, Train Loss: 0.0847
INFO:tokamak_foundation_model.trainer.trainer:Epoch 108/200, Val Loss: 0.1689
INFO:tokamak_foundation_model.trainer.trainer:Epoch 109/200, Train Loss: 0.0855
INFO:tokamak_foundation_model.trainer.trainer:Epoch 109/200, Val Loss: 0.1683
INFO:tokamak_foundation_model.trainer.trainer:Epoch 110/200, Train Loss: 0.0843
INFO:tokamak_foundation_model.trainer.trainer:Epoch 110/200, Val Loss: 0.1691
INFO:tokamak_foundation_model.trainer.trainer:Epoch 111/200, Train Loss: 0.0848
INFO:tokamak_foundation_model.trainer.trainer:Epoch 111/200, Val Loss: 0.1683
INFO:tokamak_foundation_model.trainer.trainer:Epoch 112/200, Train Loss: 0.0841
INFO:tokamak_foundation_model.trainer.trainer:Epoch 112/200, Val Loss: 0.1694
INFO:tokamak_foundation_model.trainer.trainer:Epoch 113/200, Train Loss: 0.0851
INFO:tokamak_foundation_model.trainer.trainer:Epoch 113/200, Val Loss: 0.1686
INFO:tokamak_foundation_model.trainer.trainer:Epoch 114/200, Train Loss: 0.0842
INFO:tokamak_foundation_model.trainer.trainer:Epoch 114/200, Val Loss: 0.1682
INFO:tokamak_foundation_model.trainer.trainer:Epoch 115/200, Train Loss: 0.0837
INFO:tokamak_foundation_model.trainer.trainer:Epoch 115/200, Val Loss: 0.1695
INFO:tokamak_foundation_model.trainer.trainer:Epoch 116/200, Train Loss: 0.0841
INFO:tokamak_foundation_model.trainer.trainer:Epoch 116/200, Val Loss: 0.1692
INFO:tokamak_foundation_model.trainer.trainer:Epoch 117/200, Train Loss: 0.0841
INFO:tokamak_foundation_model.trainer.trainer:Epoch 117/200, Val Loss: 0.1693
INFO:tokamak_foundation_model.trainer.trainer:Epoch 118/200, Train Loss: 0.0842
INFO:tokamak_foundation_model.trainer.trainer:Epoch 118/200, Val Loss: 0.1686
INFO:tokamak_foundation_model.trainer.trainer:Epoch 119/200, Train Loss: 0.0837
INFO:tokamak_foundation_model.trainer.trainer:Epoch 119/200, Val Loss: 0.1678
INFO:tokamak_foundation_model.trainer.trainer:Best model checkpoint saved!
INFO:tokamak_foundation_model.trainer.trainer:Epoch 120/200, Train Loss: 0.0835
INFO:tokamak_foundation_model.trainer.trainer:Epoch 120/200, Val Loss: 0.1691
INFO:tokamak_foundation_model.trainer.trainer:Epoch 121/200, Train Loss: 0.0836
INFO:tokamak_foundation_model.trainer.trainer:Epoch 121/200, Val Loss: 0.1706
INFO:tokamak_foundation_model.trainer.trainer:Epoch 122/200, Train Loss: 0.0845
INFO:tokamak_foundation_model.trainer.trainer:Epoch 122/200, Val Loss: 0.1689
INFO:tokamak_foundation_model.trainer.trainer:Epoch 123/200, Train Loss: 0.0833
INFO:tokamak_foundation_model.trainer.trainer:Epoch 123/200, Val Loss: 0.1698
INFO:tokamak_foundation_model.trainer.trainer:Epoch 124/200, Train Loss: 0.0832
INFO:tokamak_foundation_model.trainer.trainer:Epoch 124/200, Val Loss: 0.1710
INFO:tokamak_foundation_model.trainer.trainer:Epoch 125/200, Train Loss: 0.0837
INFO:tokamak_foundation_model.trainer.trainer:Epoch 125/200, Val Loss: 0.1701
INFO:tokamak_foundation_model.trainer.trainer:Epoch 126/200, Train Loss: 0.0833
INFO:tokamak_foundation_model.trainer.trainer:Epoch 126/200, Val Loss: 0.1697
INFO:tokamak_foundation_model.trainer.trainer:Epoch 127/200, Train Loss: 0.0832
INFO:tokamak_foundation_model.trainer.trainer:Epoch 127/200, Val Loss: 0.1698
INFO:tokamak_foundation_model.trainer.trainer:Epoch 128/200, Train Loss: 0.0834
INFO:tokamak_foundation_model.trainer.trainer:Epoch 128/200, Val Loss: 0.1691
INFO:tokamak_foundation_model.trainer.trainer:Epoch 129/200, Train Loss: 0.0834
INFO:tokamak_foundation_model.trainer.trainer:Epoch 129/200, Val Loss: 0.1697
INFO:tokamak_foundation_model.trainer.trainer:Epoch 130/200, Train Loss: 0.0833
INFO:tokamak_foundation_model.trainer.trainer:Epoch 130/200, Val Loss: 0.1694
INFO:tokamak_foundation_model.trainer.trainer:Epoch 131/200, Train Loss: 0.0828
INFO:tokamak_foundation_model.trainer.trainer:Epoch 131/200, Val Loss: 0.1694
INFO:tokamak_foundation_model.trainer.trainer:Epoch 132/200, Train Loss: 0.0833
INFO:tokamak_foundation_model.trainer.trainer:Epoch 132/200, Val Loss: 0.1691
INFO:tokamak_foundation_model.trainer.trainer:Epoch 133/200, Train Loss: 0.0829
INFO:tokamak_foundation_model.trainer.trainer:Epoch 133/200, Val Loss: 0.1695
INFO:tokamak_foundation_model.trainer.trainer:Epoch 134/200, Train Loss: 0.0830
INFO:tokamak_foundation_model.trainer.trainer:Epoch 134/200, Val Loss: 0.1690
INFO:tokamak_foundation_model.trainer.trainer:Epoch 135/200, Train Loss: 0.0827
INFO:tokamak_foundation_model.trainer.trainer:Epoch 135/200, Val Loss: 0.1697
INFO:tokamak_foundation_model.trainer.trainer:Epoch 136/200, Train Loss: 0.0828
INFO:tokamak_foundation_model.trainer.trainer:Epoch 136/200, Val Loss: 0.1690
INFO:tokamak_foundation_model.trainer.trainer:Epoch 137/200, Train Loss: 0.0829
INFO:tokamak_foundation_model.trainer.trainer:Epoch 137/200, Val Loss: 0.1687
INFO:tokamak_foundation_model.trainer.trainer:Epoch 138/200, Train Loss: 0.0832
INFO:tokamak_foundation_model.trainer.trainer:Epoch 138/200, Val Loss: 0.1691
INFO:tokamak_foundation_model.trainer.trainer:Epoch 139/200, Train Loss: 0.0824
INFO:tokamak_foundation_model.trainer.trainer:Epoch 139/200, Val Loss: 0.1699
INFO:tokamak_foundation_model.trainer.trainer:Epoch 140/200, Train Loss: 0.0828
INFO:tokamak_foundation_model.trainer.trainer:Epoch 140/200, Val Loss: 0.1690
INFO:tokamak_foundation_model.trainer.trainer:Epoch 141/200, Train Loss: 0.0828
INFO:tokamak_foundation_model.trainer.trainer:Epoch 141/200, Val Loss: 0.1691
INFO:tokamak_foundation_model.trainer.trainer:Epoch 142/200, Train Loss: 0.0823
INFO:tokamak_foundation_model.trainer.trainer:Epoch 142/200, Val Loss: 0.1696
INFO:tokamak_foundation_model.trainer.trainer:Epoch 143/200, Train Loss: 0.0823
INFO:tokamak_foundation_model.trainer.trainer:Epoch 143/200, Val Loss: 0.1691
INFO:tokamak_foundation_model.trainer.trainer:Epoch 144/200, Train Loss: 0.0829
INFO:tokamak_foundation_model.trainer.trainer:Epoch 144/200, Val Loss: 0.1692
INFO:tokamak_foundation_model.trainer.trainer:Epoch 145/200, Train Loss: 0.0822
INFO:tokamak_foundation_model.trainer.trainer:Epoch 145/200, Val Loss: 0.1699
INFO:tokamak_foundation_model.trainer.trainer:Epoch 146/200, Train Loss: 0.0821
INFO:tokamak_foundation_model.trainer.trainer:Epoch 146/200, Val Loss: 0.1693
INFO:tokamak_foundation_model.trainer.trainer:Epoch 147/200, Train Loss: 0.0822
INFO:tokamak_foundation_model.trainer.trainer:Epoch 147/200, Val Loss: 0.1691
INFO:tokamak_foundation_model.trainer.trainer:Epoch 148/200, Train Loss: 0.0821
INFO:tokamak_foundation_model.trainer.trainer:Epoch 148/200, Val Loss: 0.1690
INFO:tokamak_foundation_model.trainer.trainer:Epoch 149/200, Train Loss: 0.0821
INFO:tokamak_foundation_model.trainer.trainer:Epoch 149/200, Val Loss: 0.1692
INFO:tokamak_foundation_model.trainer.trainer:Epoch 150/200, Train Loss: 0.0823
INFO:tokamak_foundation_model.trainer.trainer:Epoch 150/200, Val Loss: 0.1688
INFO:tokamak_foundation_model.trainer.trainer:Epoch 151/200, Train Loss: 0.0821
INFO:tokamak_foundation_model.trainer.trainer:Epoch 151/200, Val Loss: 0.1693
INFO:tokamak_foundation_model.trainer.trainer:Epoch 152/200, Train Loss: 0.0819
INFO:tokamak_foundation_model.trainer.trainer:Epoch 152/200, Val Loss: 0.1694
INFO:tokamak_foundation_model.trainer.trainer:Epoch 153/200, Train Loss: 0.0821
INFO:tokamak_foundation_model.trainer.trainer:Epoch 153/200, Val Loss: 0.1694
INFO:tokamak_foundation_model.trainer.trainer:Epoch 154/200, Train Loss: 0.0818
INFO:tokamak_foundation_model.trainer.trainer:Epoch 154/200, Val Loss: 0.1689
INFO:tokamak_foundation_model.trainer.trainer:Epoch 155/200, Train Loss: 0.0820
INFO:tokamak_foundation_model.trainer.trainer:Epoch 155/200, Val Loss: 0.1690
INFO:tokamak_foundation_model.trainer.trainer:Epoch 156/200, Train Loss: 0.0818
INFO:tokamak_foundation_model.trainer.trainer:Epoch 156/200, Val Loss: 0.1693
INFO:tokamak_foundation_model.trainer.trainer:Epoch 157/200, Train Loss: 0.0818
INFO:tokamak_foundation_model.trainer.trainer:Epoch 157/200, Val Loss: 0.1692
INFO:tokamak_foundation_model.trainer.trainer:Epoch 158/200, Train Loss: 0.0818
INFO:tokamak_foundation_model.trainer.trainer:Epoch 158/200, Val Loss: 0.1689
INFO:tokamak_foundation_model.trainer.trainer:Epoch 159/200, Train Loss: 0.0816
INFO:tokamak_foundation_model.trainer.trainer:Epoch 159/200, Val Loss: 0.1693
INFO:tokamak_foundation_model.trainer.trainer:Epoch 160/200, Train Loss: 0.0817
INFO:tokamak_foundation_model.trainer.trainer:Epoch 160/200, Val Loss: 0.1693
INFO:tokamak_foundation_model.trainer.trainer:Epoch 161/200, Train Loss: 0.0820
INFO:tokamak_foundation_model.trainer.trainer:Epoch 161/200, Val Loss: 0.1690
INFO:tokamak_foundation_model.trainer.trainer:Epoch 162/200, Train Loss: 0.0817
INFO:tokamak_foundation_model.trainer.trainer:Epoch 162/200, Val Loss: 0.1692
INFO:tokamak_foundation_model.trainer.trainer:Epoch 163/200, Train Loss: 0.0815
INFO:tokamak_foundation_model.trainer.trainer:Epoch 163/200, Val Loss: 0.1691
INFO:tokamak_foundation_model.trainer.trainer:Epoch 164/200, Train Loss: 0.0816
INFO:tokamak_foundation_model.trainer.trainer:Epoch 164/200, Val Loss: 0.1694
INFO:tokamak_foundation_model.trainer.trainer:Epoch 165/200, Train Loss: 0.0824
INFO:tokamak_foundation_model.trainer.trainer:Epoch 165/200, Val Loss: 0.1693
INFO:tokamak_foundation_model.trainer.trainer:Epoch 166/200, Train Loss: 0.0814
INFO:tokamak_foundation_model.trainer.trainer:Epoch 166/200, Val Loss: 0.1693
INFO:tokamak_foundation_model.trainer.trainer:Epoch 167/200, Train Loss: 0.0814
INFO:tokamak_foundation_model.trainer.trainer:Epoch 167/200, Val Loss: 0.1693
INFO:tokamak_foundation_model.trainer.trainer:Epoch 168/200, Train Loss: 0.0819
INFO:tokamak_foundation_model.trainer.trainer:Epoch 168/200, Val Loss: 0.1694
INFO:tokamak_foundation_model.trainer.trainer:Epoch 169/200, Train Loss: 0.0813
INFO:tokamak_foundation_model.trainer.trainer:Epoch 169/200, Val Loss: 0.1692
INFO:tokamak_foundation_model.trainer.trainer:Epoch 170/200, Train Loss: 0.0814
INFO:tokamak_foundation_model.trainer.trainer:Epoch 170/200, Val Loss: 0.1696
INFO:tokamak_foundation_model.trainer.trainer:Epoch 171/200, Train Loss: 0.0814
INFO:tokamak_foundation_model.trainer.trainer:Epoch 171/200, Val Loss: 0.1695
INFO:tokamak_foundation_model.trainer.trainer:Epoch 172/200, Train Loss: 0.0813
INFO:tokamak_foundation_model.trainer.trainer:Epoch 172/200, Val Loss: 0.1692
INFO:tokamak_foundation_model.trainer.trainer:Epoch 173/200, Train Loss: 0.0813
INFO:tokamak_foundation_model.trainer.trainer:Epoch 173/200, Val Loss: 0.1694
INFO:tokamak_foundation_model.trainer.trainer:Epoch 174/200, Train Loss: 0.0814
INFO:tokamak_foundation_model.trainer.trainer:Epoch 174/200, Val Loss: 0.1694
INFO:tokamak_foundation_model.trainer.trainer:Epoch 175/200, Train Loss: 0.0812
INFO:tokamak_foundation_model.trainer.trainer:Epoch 175/200, Val Loss: 0.1695
INFO:tokamak_foundation_model.trainer.trainer:Epoch 176/200, Train Loss: 0.0812
INFO:tokamak_foundation_model.trainer.trainer:Epoch 176/200, Val Loss: 0.1693
INFO:tokamak_foundation_model.trainer.trainer:Epoch 177/200, Train Loss: 0.0814
INFO:tokamak_foundation_model.trainer.trainer:Epoch 177/200, Val Loss: 0.1694
INFO:tokamak_foundation_model.trainer.trainer:Epoch 178/200, Train Loss: 0.0813
INFO:tokamak_foundation_model.trainer.trainer:Epoch 178/200, Val Loss: 0.1693
INFO:tokamak_foundation_model.trainer.trainer:Epoch 179/200, Train Loss: 0.0813
INFO:tokamak_foundation_model.trainer.trainer:Epoch 179/200, Val Loss: 0.1692
INFO:tokamak_foundation_model.trainer.trainer:Epoch 180/200, Train Loss: 0.0812
INFO:tokamak_foundation_model.trainer.trainer:Epoch 180/200, Val Loss: 0.1693
INFO:tokamak_foundation_model.trainer.trainer:Epoch 181/200, Train Loss: 0.0812
INFO:tokamak_foundation_model.trainer.trainer:Epoch 181/200, Val Loss: 0.1693
INFO:tokamak_foundation_model.trainer.trainer:Epoch 182/200, Train Loss: 0.0811
INFO:tokamak_foundation_model.trainer.trainer:Epoch 182/200, Val Loss: 0.1695
INFO:tokamak_foundation_model.trainer.trainer:Epoch 183/200, Train Loss: 0.0811
INFO:tokamak_foundation_model.trainer.trainer:Epoch 183/200, Val Loss: 0.1695
INFO:tokamak_foundation_model.trainer.trainer:Epoch 184/200, Train Loss: 0.0813
INFO:tokamak_foundation_model.trainer.trainer:Epoch 184/200, Val Loss: 0.1694
INFO:tokamak_foundation_model.trainer.trainer:Epoch 185/200, Train Loss: 0.0812
INFO:tokamak_foundation_model.trainer.trainer:Epoch 185/200, Val Loss: 0.1693
INFO:tokamak_foundation_model.trainer.trainer:Epoch 186/200, Train Loss: 0.0812
INFO:tokamak_foundation_model.trainer.trainer:Epoch 186/200, Val Loss: 0.1695
INFO:tokamak_foundation_model.trainer.trainer:Epoch 187/200, Train Loss: 0.0812
INFO:tokamak_foundation_model.trainer.trainer:Epoch 187/200, Val Loss: 0.1695
INFO:tokamak_foundation_model.trainer.trainer:Epoch 188/200, Train Loss: 0.0812
INFO:tokamak_foundation_model.trainer.trainer:Epoch 188/200, Val Loss: 0.1693
INFO:tokamak_foundation_model.trainer.trainer:Epoch 189/200, Train Loss: 0.0812
INFO:tokamak_foundation_model.trainer.trainer:Epoch 189/200, Val Loss: 0.1695
INFO:tokamak_foundation_model.trainer.trainer:Epoch 190/200, Train Loss: 0.0811
INFO:tokamak_foundation_model.trainer.trainer:Epoch 190/200, Val Loss: 0.1693
INFO:tokamak_foundation_model.trainer.trainer:Epoch 191/200, Train Loss: 0.0811
INFO:tokamak_foundation_model.trainer.trainer:Epoch 191/200, Val Loss: 0.1694
INFO:tokamak_foundation_model.trainer.trainer:Epoch 192/200, Train Loss: 0.0811
INFO:tokamak_foundation_model.trainer.trainer:Epoch 192/200, Val Loss: 0.1694
INFO:tokamak_foundation_model.trainer.trainer:Epoch 193/200, Train Loss: 0.0811
INFO:tokamak_foundation_model.trainer.trainer:Epoch 193/200, Val Loss: 0.1694
INFO:tokamak_foundation_model.trainer.trainer:Epoch 194/200, Train Loss: 0.0816
INFO:tokamak_foundation_model.trainer.trainer:Epoch 194/200, Val Loss: 0.1694
INFO:tokamak_foundation_model.trainer.trainer:Epoch 195/200, Train Loss: 0.0811
INFO:tokamak_foundation_model.trainer.trainer:Epoch 195/200, Val Loss: 0.1694
INFO:tokamak_foundation_model.trainer.trainer:Epoch 196/200, Train Loss: 0.0812
INFO:tokamak_foundation_model.trainer.trainer:Epoch 196/200, Val Loss: 0.1694
INFO:tokamak_foundation_model.trainer.trainer:Epoch 197/200, Train Loss: 0.0810
INFO:tokamak_foundation_model.trainer.trainer:Epoch 197/200, Val Loss: 0.1694
INFO:tokamak_foundation_model.trainer.trainer:Epoch 198/200, Train Loss: 0.0811
INFO:tokamak_foundation_model.trainer.trainer:Epoch 198/200, Val Loss: 0.1694
INFO:tokamak_foundation_model.trainer.trainer:Epoch 199/200, Train Loss: 0.0812
INFO:tokamak_foundation_model.trainer.trainer:Epoch 199/200, Val Loss: 0.1694
INFO:tokamak_foundation_model.trainer.trainer:Epoch 200/200, Train Loss: 0.0812
INFO:tokamak_foundation_model.trainer.trainer:Epoch 200/200, Val Loss: 0.1694
INFO:tokamak_foundation_model.trainer.trainer:Training complete.
