INFO:__main__:checkpoint folder: tangtv-video-lr0.0001-ntk32-ep200-202603122309
INFO:__main__:Signal: tangtv, Model: video
INFO:__main__:Train shots: 245, Valid shots: 30, Test shots: 30
INFO:__main__:Sample data shape: torch.Size([16, 2, 25, 128, 128]), n_channels: 2
INFO:__main__:Model parameters: 1,573,442
INFO:tokamak_foundation_model.trainer.trainer:Training modality: tangtv
INFO:tokamak_foundation_model.trainer.trainer:Epoch 1/200, Train Loss: 0.9892
INFO:tokamak_foundation_model.trainer.trainer:Epoch 1/200, Val Loss: 0.5141
INFO:tokamak_foundation_model.trainer.trainer:Best model checkpoint saved!
INFO:tokamak_foundation_model.trainer.trainer:Epoch 2/200, Train Loss: 0.4719
INFO:tokamak_foundation_model.trainer.trainer:Epoch 2/200, Val Loss: 0.3801
INFO:tokamak_foundation_model.trainer.trainer:Best model checkpoint saved!
INFO:tokamak_foundation_model.trainer.trainer:Epoch 3/200, Train Loss: 0.4254
INFO:tokamak_foundation_model.trainer.trainer:Epoch 3/200, Val Loss: 0.3809
INFO:tokamak_foundation_model.trainer.trainer:Epoch 4/200, Train Loss: 0.3974
INFO:tokamak_foundation_model.trainer.trainer:Epoch 4/200, Val Loss: 0.3658
INFO:tokamak_foundation_model.trainer.trainer:Best model checkpoint saved!
INFO:tokamak_foundation_model.trainer.trainer:Epoch 5/200, Train Loss: 0.3838
INFO:tokamak_foundation_model.trainer.trainer:Epoch 5/200, Val Loss: 0.3456
INFO:tokamak_foundation_model.trainer.trainer:Best model checkpoint saved!
INFO:tokamak_foundation_model.trainer.trainer:Epoch 6/200, Train Loss: 0.3718
INFO:tokamak_foundation_model.trainer.trainer:Epoch 6/200, Val Loss: 0.3667
INFO:tokamak_foundation_model.trainer.trainer:Epoch 7/200, Train Loss: 0.3656
INFO:tokamak_foundation_model.trainer.trainer:Epoch 7/200, Val Loss: 0.3245
INFO:tokamak_foundation_model.trainer.trainer:Best model checkpoint saved!
INFO:tokamak_foundation_model.trainer.trainer:Epoch 8/200, Train Loss: 0.3394
INFO:tokamak_foundation_model.trainer.trainer:Epoch 8/200, Val Loss: 0.3327
INFO:tokamak_foundation_model.trainer.trainer:Epoch 9/200, Train Loss: 0.3326
INFO:tokamak_foundation_model.trainer.trainer:Epoch 9/200, Val Loss: 0.5045
INFO:tokamak_foundation_model.trainer.trainer:Epoch 10/200, Train Loss: 0.3099
INFO:tokamak_foundation_model.trainer.trainer:Epoch 10/200, Val Loss: 0.2850
INFO:tokamak_foundation_model.trainer.trainer:Best model checkpoint saved!
INFO:tokamak_foundation_model.trainer.trainer:Epoch 11/200, Train Loss: 0.3033
INFO:tokamak_foundation_model.trainer.trainer:Epoch 11/200, Val Loss: 0.3130
INFO:tokamak_foundation_model.trainer.trainer:Epoch 12/200, Train Loss: 0.3044
INFO:tokamak_foundation_model.trainer.trainer:Epoch 12/200, Val Loss: 0.2715
INFO:tokamak_foundation_model.trainer.trainer:Best model checkpoint saved!
INFO:tokamak_foundation_model.trainer.trainer:Epoch 13/200, Train Loss: 0.2968
INFO:tokamak_foundation_model.trainer.trainer:Epoch 13/200, Val Loss: 0.2887
INFO:tokamak_foundation_model.trainer.trainer:Epoch 14/200, Train Loss: 0.2905
INFO:tokamak_foundation_model.trainer.trainer:Epoch 14/200, Val Loss: 0.2721
INFO:tokamak_foundation_model.trainer.trainer:Epoch 15/200, Train Loss: 0.2872
INFO:tokamak_foundation_model.trainer.trainer:Epoch 15/200, Val Loss: 0.2406
INFO:tokamak_foundation_model.trainer.trainer:Best model checkpoint saved!
INFO:tokamak_foundation_model.trainer.trainer:Epoch 16/200, Train Loss: 0.2768
INFO:tokamak_foundation_model.trainer.trainer:Epoch 16/200, Val Loss: 0.2463
INFO:tokamak_foundation_model.trainer.trainer:Epoch 17/200, Train Loss: 0.2707
INFO:tokamak_foundation_model.trainer.trainer:Epoch 17/200, Val Loss: 0.2511
INFO:tokamak_foundation_model.trainer.trainer:Epoch 18/200, Train Loss: 0.2711
INFO:tokamak_foundation_model.trainer.trainer:Epoch 18/200, Val Loss: 0.2932
INFO:tokamak_foundation_model.trainer.trainer:Epoch 19/200, Train Loss: 0.2693
INFO:tokamak_foundation_model.trainer.trainer:Epoch 19/200, Val Loss: 0.2515
INFO:tokamak_foundation_model.trainer.trainer:Epoch 20/200, Train Loss: 0.2602
INFO:tokamak_foundation_model.trainer.trainer:Epoch 20/200, Val Loss: 0.2316
INFO:tokamak_foundation_model.trainer.trainer:Best model checkpoint saved!
INFO:tokamak_foundation_model.trainer.trainer:Epoch 21/200, Train Loss: 0.2612
INFO:tokamak_foundation_model.trainer.trainer:Epoch 21/200, Val Loss: 0.2349
INFO:tokamak_foundation_model.trainer.trainer:Epoch 22/200, Train Loss: 0.2588
INFO:tokamak_foundation_model.trainer.trainer:Epoch 22/200, Val Loss: 0.2306
INFO:tokamak_foundation_model.trainer.trainer:Best model checkpoint saved!
INFO:tokamak_foundation_model.trainer.trainer:Epoch 23/200, Train Loss: 0.2497
INFO:tokamak_foundation_model.trainer.trainer:Epoch 23/200, Val Loss: 0.2348
INFO:tokamak_foundation_model.trainer.trainer:Epoch 24/200, Train Loss: 0.2470
INFO:tokamak_foundation_model.trainer.trainer:Epoch 24/200, Val Loss: 0.2206
INFO:tokamak_foundation_model.trainer.trainer:Best model checkpoint saved!
INFO:tokamak_foundation_model.trainer.trainer:Epoch 25/200, Train Loss: 0.2472
INFO:tokamak_foundation_model.trainer.trainer:Epoch 25/200, Val Loss: 0.2228
INFO:tokamak_foundation_model.trainer.trainer:Epoch 26/200, Train Loss: 0.2415
INFO:tokamak_foundation_model.trainer.trainer:Epoch 26/200, Val Loss: 0.2256
INFO:tokamak_foundation_model.trainer.trainer:Epoch 27/200, Train Loss: 0.2458
INFO:tokamak_foundation_model.trainer.trainer:Epoch 27/200, Val Loss: 0.2678
INFO:tokamak_foundation_model.trainer.trainer:Epoch 28/200, Train Loss: 0.2463
INFO:tokamak_foundation_model.trainer.trainer:Epoch 28/200, Val Loss: 0.2238
INFO:tokamak_foundation_model.trainer.trainer:Epoch 29/200, Train Loss: 0.2380
INFO:tokamak_foundation_model.trainer.trainer:Epoch 29/200, Val Loss: 0.2962
INFO:tokamak_foundation_model.trainer.trainer:Epoch 30/200, Train Loss: 0.2372
INFO:tokamak_foundation_model.trainer.trainer:Epoch 30/200, Val Loss: 0.2076
INFO:tokamak_foundation_model.trainer.trainer:Best model checkpoint saved!
INFO:tokamak_foundation_model.trainer.trainer:Epoch 31/200, Train Loss: 0.2281
INFO:tokamak_foundation_model.trainer.trainer:Epoch 31/200, Val Loss: 0.3069
INFO:tokamak_foundation_model.trainer.trainer:Epoch 32/200, Train Loss: 0.2313
INFO:tokamak_foundation_model.trainer.trainer:Epoch 32/200, Val Loss: 0.2179
INFO:tokamak_foundation_model.trainer.trainer:Epoch 33/200, Train Loss: 0.2355
INFO:tokamak_foundation_model.trainer.trainer:Epoch 33/200, Val Loss: 0.2076
INFO:tokamak_foundation_model.trainer.trainer:Epoch 34/200, Train Loss: 0.2252
INFO:tokamak_foundation_model.trainer.trainer:Epoch 34/200, Val Loss: 0.2682
INFO:tokamak_foundation_model.trainer.trainer:Epoch 35/200, Train Loss: 0.2335
INFO:tokamak_foundation_model.trainer.trainer:Epoch 35/200, Val Loss: 0.2025
INFO:tokamak_foundation_model.trainer.trainer:Best model checkpoint saved!
INFO:tokamak_foundation_model.trainer.trainer:Epoch 36/200, Train Loss: 0.2153
INFO:tokamak_foundation_model.trainer.trainer:Epoch 36/200, Val Loss: 0.2068
INFO:tokamak_foundation_model.trainer.trainer:Epoch 37/200, Train Loss: 0.2237
INFO:tokamak_foundation_model.trainer.trainer:Epoch 37/200, Val Loss: 0.1980
INFO:tokamak_foundation_model.trainer.trainer:Best model checkpoint saved!
INFO:tokamak_foundation_model.trainer.trainer:Epoch 38/200, Train Loss: 0.2173
INFO:tokamak_foundation_model.trainer.trainer:Epoch 38/200, Val Loss: 0.1960
INFO:tokamak_foundation_model.trainer.trainer:Best model checkpoint saved!
INFO:tokamak_foundation_model.trainer.trainer:Epoch 39/200, Train Loss: 0.2179
INFO:tokamak_foundation_model.trainer.trainer:Epoch 39/200, Val Loss: 0.1890
INFO:tokamak_foundation_model.trainer.trainer:Best model checkpoint saved!
INFO:tokamak_foundation_model.trainer.trainer:Epoch 40/200, Train Loss: 0.2176
INFO:tokamak_foundation_model.trainer.trainer:Epoch 40/200, Val Loss: 0.1879
INFO:tokamak_foundation_model.trainer.trainer:Best model checkpoint saved!
INFO:tokamak_foundation_model.trainer.trainer:Epoch 41/200, Train Loss: 0.2241
INFO:tokamak_foundation_model.trainer.trainer:Epoch 41/200, Val Loss: 0.2111
INFO:tokamak_foundation_model.trainer.trainer:Epoch 42/200, Train Loss: 0.2122
INFO:tokamak_foundation_model.trainer.trainer:Epoch 42/200, Val Loss: 0.1828
INFO:tokamak_foundation_model.trainer.trainer:Best model checkpoint saved!
INFO:tokamak_foundation_model.trainer.trainer:Epoch 43/200, Train Loss: 0.2190
INFO:tokamak_foundation_model.trainer.trainer:Epoch 43/200, Val Loss: 0.1993
INFO:tokamak_foundation_model.trainer.trainer:Epoch 44/200, Train Loss: 0.2161
INFO:tokamak_foundation_model.trainer.trainer:Epoch 44/200, Val Loss: 0.1964
INFO:tokamak_foundation_model.trainer.trainer:Epoch 45/200, Train Loss: 0.2118
INFO:tokamak_foundation_model.trainer.trainer:Epoch 45/200, Val Loss: 0.1870
INFO:tokamak_foundation_model.trainer.trainer:Epoch 46/200, Train Loss: 0.2087
INFO:tokamak_foundation_model.trainer.trainer:Epoch 46/200, Val Loss: 0.1883
INFO:tokamak_foundation_model.trainer.trainer:Epoch 47/200, Train Loss: 0.2063
INFO:tokamak_foundation_model.trainer.trainer:Epoch 47/200, Val Loss: 0.2325
INFO:tokamak_foundation_model.trainer.trainer:Epoch 48/200, Train Loss: 0.2067
INFO:tokamak_foundation_model.trainer.trainer:Epoch 48/200, Val Loss: 0.1865
INFO:tokamak_foundation_model.trainer.trainer:Epoch 49/200, Train Loss: 0.2051
INFO:tokamak_foundation_model.trainer.trainer:Epoch 49/200, Val Loss: 0.2452
INFO:tokamak_foundation_model.trainer.trainer:Epoch 50/200, Train Loss: 0.2049
INFO:tokamak_foundation_model.trainer.trainer:Epoch 50/200, Val Loss: 0.1911
INFO:tokamak_foundation_model.trainer.trainer:Epoch 51/200, Train Loss: 0.2152
INFO:tokamak_foundation_model.trainer.trainer:Epoch 51/200, Val Loss: 0.1855
INFO:tokamak_foundation_model.trainer.trainer:Epoch 52/200, Train Loss: 0.1979
INFO:tokamak_foundation_model.trainer.trainer:Epoch 52/200, Val Loss: 0.1763
INFO:tokamak_foundation_model.trainer.trainer:Best model checkpoint saved!
INFO:tokamak_foundation_model.trainer.trainer:Epoch 53/200, Train Loss: 0.2013
INFO:tokamak_foundation_model.trainer.trainer:Epoch 53/200, Val Loss: 0.2155
INFO:tokamak_foundation_model.trainer.trainer:Epoch 54/200, Train Loss: 0.2008
INFO:tokamak_foundation_model.trainer.trainer:Epoch 54/200, Val Loss: 0.1838
INFO:tokamak_foundation_model.trainer.trainer:Epoch 55/200, Train Loss: 0.1989
INFO:tokamak_foundation_model.trainer.trainer:Epoch 55/200, Val Loss: 0.1838
INFO:tokamak_foundation_model.trainer.trainer:Epoch 56/200, Train Loss: 0.1955
INFO:tokamak_foundation_model.trainer.trainer:Epoch 56/200, Val Loss: 0.1888
INFO:tokamak_foundation_model.trainer.trainer:Epoch 57/200, Train Loss: 0.1969
INFO:tokamak_foundation_model.trainer.trainer:Epoch 57/200, Val Loss: 0.1784
INFO:tokamak_foundation_model.trainer.trainer:Epoch 58/200, Train Loss: 0.1966
INFO:tokamak_foundation_model.trainer.trainer:Epoch 58/200, Val Loss: 0.2065
INFO:tokamak_foundation_model.trainer.trainer:Epoch 59/200, Train Loss: 0.2001
INFO:tokamak_foundation_model.trainer.trainer:Epoch 59/200, Val Loss: 0.1887
INFO:tokamak_foundation_model.trainer.trainer:Epoch 60/200, Train Loss: 0.1934
INFO:tokamak_foundation_model.trainer.trainer:Epoch 60/200, Val Loss: 0.1801
INFO:tokamak_foundation_model.trainer.trainer:Epoch 61/200, Train Loss: 0.1932
INFO:tokamak_foundation_model.trainer.trainer:Epoch 61/200, Val Loss: 0.1754
INFO:tokamak_foundation_model.trainer.trainer:Best model checkpoint saved!
INFO:tokamak_foundation_model.trainer.trainer:Epoch 62/200, Train Loss: 0.1975
INFO:tokamak_foundation_model.trainer.trainer:Epoch 62/200, Val Loss: 0.1891
INFO:tokamak_foundation_model.trainer.trainer:Epoch 63/200, Train Loss: 0.1923
INFO:tokamak_foundation_model.trainer.trainer:Epoch 63/200, Val Loss: 0.1870
INFO:tokamak_foundation_model.trainer.trainer:Epoch 64/200, Train Loss: 0.1898
INFO:tokamak_foundation_model.trainer.trainer:Epoch 64/200, Val Loss: 0.1727
INFO:tokamak_foundation_model.trainer.trainer:Best model checkpoint saved!
INFO:tokamak_foundation_model.trainer.trainer:Epoch 65/200, Train Loss: 0.1938
INFO:tokamak_foundation_model.trainer.trainer:Epoch 65/200, Val Loss: 0.1900
INFO:tokamak_foundation_model.trainer.trainer:Epoch 66/200, Train Loss: 0.1941
INFO:tokamak_foundation_model.trainer.trainer:Epoch 66/200, Val Loss: 0.1912
INFO:tokamak_foundation_model.trainer.trainer:Epoch 67/200, Train Loss: 0.1900
INFO:tokamak_foundation_model.trainer.trainer:Epoch 67/200, Val Loss: 0.1908
INFO:tokamak_foundation_model.trainer.trainer:Epoch 68/200, Train Loss: 0.1863
INFO:tokamak_foundation_model.trainer.trainer:Epoch 68/200, Val Loss: 0.1785
INFO:tokamak_foundation_model.trainer.trainer:Epoch 69/200, Train Loss: 0.1871
INFO:tokamak_foundation_model.trainer.trainer:Epoch 69/200, Val Loss: 0.1722
INFO:tokamak_foundation_model.trainer.trainer:Best model checkpoint saved!
INFO:tokamak_foundation_model.trainer.trainer:Epoch 70/200, Train Loss: 0.1873
INFO:tokamak_foundation_model.trainer.trainer:Epoch 70/200, Val Loss: 0.1767
INFO:tokamak_foundation_model.trainer.trainer:Epoch 71/200, Train Loss: 0.1901
INFO:tokamak_foundation_model.trainer.trainer:Epoch 71/200, Val Loss: 0.1732
INFO:tokamak_foundation_model.trainer.trainer:Epoch 72/200, Train Loss: 0.1828
INFO:tokamak_foundation_model.trainer.trainer:Epoch 72/200, Val Loss: 0.1756
INFO:tokamak_foundation_model.trainer.trainer:Epoch 73/200, Train Loss: 0.1839
INFO:tokamak_foundation_model.trainer.trainer:Epoch 73/200, Val Loss: 0.1655
INFO:tokamak_foundation_model.trainer.trainer:Best model checkpoint saved!
INFO:tokamak_foundation_model.trainer.trainer:Epoch 74/200, Train Loss: 0.1830
INFO:tokamak_foundation_model.trainer.trainer:Epoch 74/200, Val Loss: 0.1680
INFO:tokamak_foundation_model.trainer.trainer:Epoch 75/200, Train Loss: 0.1840
INFO:tokamak_foundation_model.trainer.trainer:Epoch 75/200, Val Loss: 0.1660
INFO:tokamak_foundation_model.trainer.trainer:Epoch 76/200, Train Loss: 0.1815
INFO:tokamak_foundation_model.trainer.trainer:Epoch 76/200, Val Loss: 0.1888
INFO:tokamak_foundation_model.trainer.trainer:Epoch 77/200, Train Loss: 0.1846
INFO:tokamak_foundation_model.trainer.trainer:Epoch 77/200, Val Loss: 0.1669
INFO:tokamak_foundation_model.trainer.trainer:Epoch 78/200, Train Loss: 0.1814
INFO:tokamak_foundation_model.trainer.trainer:Epoch 78/200, Val Loss: 0.1631
INFO:tokamak_foundation_model.trainer.trainer:Best model checkpoint saved!
INFO:tokamak_foundation_model.trainer.trainer:Epoch 79/200, Train Loss: 0.1819
INFO:tokamak_foundation_model.trainer.trainer:Epoch 79/200, Val Loss: 0.1789
INFO:tokamak_foundation_model.trainer.trainer:Epoch 80/200, Train Loss: 0.1790
INFO:tokamak_foundation_model.trainer.trainer:Epoch 80/200, Val Loss: 0.1754
INFO:tokamak_foundation_model.trainer.trainer:Epoch 81/200, Train Loss: 0.1810
INFO:tokamak_foundation_model.trainer.trainer:Epoch 81/200, Val Loss: 0.1746
INFO:tokamak_foundation_model.trainer.trainer:Epoch 82/200, Train Loss: 0.1817
INFO:tokamak_foundation_model.trainer.trainer:Epoch 82/200, Val Loss: 0.1684
INFO:tokamak_foundation_model.trainer.trainer:Epoch 83/200, Train Loss: 0.1769
INFO:tokamak_foundation_model.trainer.trainer:Epoch 83/200, Val Loss: 0.1693
INFO:tokamak_foundation_model.trainer.trainer:Epoch 84/200, Train Loss: 0.1788
INFO:tokamak_foundation_model.trainer.trainer:Epoch 84/200, Val Loss: 0.1628
INFO:tokamak_foundation_model.trainer.trainer:Best model checkpoint saved!
INFO:tokamak_foundation_model.trainer.trainer:Epoch 85/200, Train Loss: 0.1780
INFO:tokamak_foundation_model.trainer.trainer:Epoch 85/200, Val Loss: 0.1747
INFO:tokamak_foundation_model.trainer.trainer:Epoch 86/200, Train Loss: 0.1781
INFO:tokamak_foundation_model.trainer.trainer:Epoch 86/200, Val Loss: 0.1627
INFO:tokamak_foundation_model.trainer.trainer:Best model checkpoint saved!
INFO:tokamak_foundation_model.trainer.trainer:Epoch 87/200, Train Loss: 0.1789
INFO:tokamak_foundation_model.trainer.trainer:Epoch 87/200, Val Loss: 0.1632
INFO:tokamak_foundation_model.trainer.trainer:Epoch 88/200, Train Loss: 0.1727
INFO:tokamak_foundation_model.trainer.trainer:Epoch 88/200, Val Loss: 0.1605
INFO:tokamak_foundation_model.trainer.trainer:Best model checkpoint saved!
INFO:tokamak_foundation_model.trainer.trainer:Epoch 89/200, Train Loss: 0.1766
INFO:tokamak_foundation_model.trainer.trainer:Epoch 89/200, Val Loss: 0.1806
INFO:tokamak_foundation_model.trainer.trainer:Epoch 90/200, Train Loss: 0.1748
INFO:tokamak_foundation_model.trainer.trainer:Epoch 90/200, Val Loss: 0.1583
INFO:tokamak_foundation_model.trainer.trainer:Best model checkpoint saved!
INFO:tokamak_foundation_model.trainer.trainer:Epoch 91/200, Train Loss: 0.1729
INFO:tokamak_foundation_model.trainer.trainer:Epoch 91/200, Val Loss: 0.1604
INFO:tokamak_foundation_model.trainer.trainer:Epoch 92/200, Train Loss: 0.1719
INFO:tokamak_foundation_model.trainer.trainer:Epoch 92/200, Val Loss: 0.1601
INFO:tokamak_foundation_model.trainer.trainer:Epoch 93/200, Train Loss: 0.1736
INFO:tokamak_foundation_model.trainer.trainer:Epoch 93/200, Val Loss: 0.1628
INFO:tokamak_foundation_model.trainer.trainer:Epoch 94/200, Train Loss: 0.1725
INFO:tokamak_foundation_model.trainer.trainer:Epoch 94/200, Val Loss: 0.1597
INFO:tokamak_foundation_model.trainer.trainer:Epoch 95/200, Train Loss: 0.1740
INFO:tokamak_foundation_model.trainer.trainer:Epoch 95/200, Val Loss: 0.1618
INFO:tokamak_foundation_model.trainer.trainer:Epoch 96/200, Train Loss: 0.1736
INFO:tokamak_foundation_model.trainer.trainer:Epoch 96/200, Val Loss: 0.1611
INFO:tokamak_foundation_model.trainer.trainer:Epoch 97/200, Train Loss: 0.1713
INFO:tokamak_foundation_model.trainer.trainer:Epoch 97/200, Val Loss: 0.1635
INFO:tokamak_foundation_model.trainer.trainer:Epoch 98/200, Train Loss: 0.1708
INFO:tokamak_foundation_model.trainer.trainer:Epoch 98/200, Val Loss: 0.1576
INFO:tokamak_foundation_model.trainer.trainer:Best model checkpoint saved!
INFO:tokamak_foundation_model.trainer.trainer:Epoch 99/200, Train Loss: 0.1709
INFO:tokamak_foundation_model.trainer.trainer:Epoch 99/200, Val Loss: 0.1642
INFO:tokamak_foundation_model.trainer.trainer:Epoch 100/200, Train Loss: 0.1706
INFO:tokamak_foundation_model.trainer.trainer:Epoch 100/200, Val Loss: 0.1574
INFO:tokamak_foundation_model.trainer.trainer:Best model checkpoint saved!
INFO:tokamak_foundation_model.trainer.trainer:Epoch 101/200, Train Loss: 0.1711
INFO:tokamak_foundation_model.trainer.trainer:Epoch 101/200, Val Loss: 0.1625
INFO:tokamak_foundation_model.trainer.trainer:Epoch 102/200, Train Loss: 0.1684
INFO:tokamak_foundation_model.trainer.trainer:Epoch 102/200, Val Loss: 0.1593
INFO:tokamak_foundation_model.trainer.trainer:Epoch 103/200, Train Loss: 0.1684
INFO:tokamak_foundation_model.trainer.trainer:Epoch 103/200, Val Loss: 0.1598
INFO:tokamak_foundation_model.trainer.trainer:Epoch 104/200, Train Loss: 0.1663
INFO:tokamak_foundation_model.trainer.trainer:Epoch 104/200, Val Loss: 0.1633
INFO:tokamak_foundation_model.trainer.trainer:Epoch 105/200, Train Loss: 0.1682
INFO:tokamak_foundation_model.trainer.trainer:Epoch 105/200, Val Loss: 0.1582
INFO:tokamak_foundation_model.trainer.trainer:Epoch 106/200, Train Loss: 0.1684
INFO:tokamak_foundation_model.trainer.trainer:Epoch 106/200, Val Loss: 0.1565
INFO:tokamak_foundation_model.trainer.trainer:Best model checkpoint saved!
INFO:tokamak_foundation_model.trainer.trainer:Epoch 107/200, Train Loss: 0.1681
INFO:tokamak_foundation_model.trainer.trainer:Epoch 107/200, Val Loss: 0.1574
INFO:tokamak_foundation_model.trainer.trainer:Epoch 108/200, Train Loss: 0.1694
INFO:tokamak_foundation_model.trainer.trainer:Epoch 108/200, Val Loss: 0.1575
INFO:tokamak_foundation_model.trainer.trainer:Epoch 109/200, Train Loss: 0.1638
INFO:tokamak_foundation_model.trainer.trainer:Epoch 109/200, Val Loss: 0.1563
INFO:tokamak_foundation_model.trainer.trainer:Best model checkpoint saved!
INFO:tokamak_foundation_model.trainer.trainer:Epoch 110/200, Train Loss: 0.1671
INFO:tokamak_foundation_model.trainer.trainer:Epoch 110/200, Val Loss: 0.1586
INFO:tokamak_foundation_model.trainer.trainer:Epoch 111/200, Train Loss: 0.1647
INFO:tokamak_foundation_model.trainer.trainer:Epoch 111/200, Val Loss: 0.1552
INFO:tokamak_foundation_model.trainer.trainer:Best model checkpoint saved!
INFO:tokamak_foundation_model.trainer.trainer:Epoch 112/200, Train Loss: 0.1658
INFO:tokamak_foundation_model.trainer.trainer:Epoch 112/200, Val Loss: 0.1717
INFO:tokamak_foundation_model.trainer.trainer:Epoch 113/200, Train Loss: 0.1657
INFO:tokamak_foundation_model.trainer.trainer:Epoch 113/200, Val Loss: 0.1547
INFO:tokamak_foundation_model.trainer.trainer:Best model checkpoint saved!
INFO:tokamak_foundation_model.trainer.trainer:Epoch 114/200, Train Loss: 0.1621
INFO:tokamak_foundation_model.trainer.trainer:Epoch 114/200, Val Loss: 0.1548
INFO:tokamak_foundation_model.trainer.trainer:Epoch 115/200, Train Loss: 0.1641
INFO:tokamak_foundation_model.trainer.trainer:Epoch 115/200, Val Loss: 0.1576
INFO:tokamak_foundation_model.trainer.trainer:Epoch 116/200, Train Loss: 0.1633
INFO:tokamak_foundation_model.trainer.trainer:Epoch 116/200, Val Loss: 0.1595
INFO:tokamak_foundation_model.trainer.trainer:Epoch 117/200, Train Loss: 0.1649
INFO:tokamak_foundation_model.trainer.trainer:Epoch 117/200, Val Loss: 0.1567
INFO:tokamak_foundation_model.trainer.trainer:Epoch 118/200, Train Loss: 0.1632
INFO:tokamak_foundation_model.trainer.trainer:Epoch 118/200, Val Loss: 0.1538
INFO:tokamak_foundation_model.trainer.trainer:Best model checkpoint saved!
INFO:tokamak_foundation_model.trainer.trainer:Epoch 119/200, Train Loss: 0.1612
INFO:tokamak_foundation_model.trainer.trainer:Epoch 119/200, Val Loss: 0.1538
INFO:tokamak_foundation_model.trainer.trainer:Best model checkpoint saved!
INFO:tokamak_foundation_model.trainer.trainer:Epoch 120/200, Train Loss: 0.1620
INFO:tokamak_foundation_model.trainer.trainer:Epoch 120/200, Val Loss: 0.1558
INFO:tokamak_foundation_model.trainer.trainer:Epoch 121/200, Train Loss: 0.1621
INFO:tokamak_foundation_model.trainer.trainer:Epoch 121/200, Val Loss: 0.1529
INFO:tokamak_foundation_model.trainer.trainer:Best model checkpoint saved!
INFO:tokamak_foundation_model.trainer.trainer:Epoch 122/200, Train Loss: 0.1618
INFO:tokamak_foundation_model.trainer.trainer:Epoch 122/200, Val Loss: 0.1564
INFO:tokamak_foundation_model.trainer.trainer:Epoch 123/200, Train Loss: 0.1622
INFO:tokamak_foundation_model.trainer.trainer:Epoch 123/200, Val Loss: 0.1523
INFO:tokamak_foundation_model.trainer.trainer:Best model checkpoint saved!
INFO:tokamak_foundation_model.trainer.trainer:Epoch 124/200, Train Loss: 0.1620
INFO:tokamak_foundation_model.trainer.trainer:Epoch 124/200, Val Loss: 0.1533
INFO:tokamak_foundation_model.trainer.trainer:Epoch 125/200, Train Loss: 0.1599
INFO:tokamak_foundation_model.trainer.trainer:Epoch 125/200, Val Loss: 0.1535
INFO:tokamak_foundation_model.trainer.trainer:Epoch 126/200, Train Loss: 0.1619
INFO:tokamak_foundation_model.trainer.trainer:Epoch 126/200, Val Loss: 0.1544
INFO:tokamak_foundation_model.trainer.trainer:Epoch 127/200, Train Loss: 0.1596
INFO:tokamak_foundation_model.trainer.trainer:Epoch 127/200, Val Loss: 0.1547
INFO:tokamak_foundation_model.trainer.trainer:Epoch 128/200, Train Loss: 0.1596
INFO:tokamak_foundation_model.trainer.trainer:Epoch 128/200, Val Loss: 0.1531
INFO:tokamak_foundation_model.trainer.trainer:Epoch 129/200, Train Loss: 0.1594
INFO:tokamak_foundation_model.trainer.trainer:Epoch 129/200, Val Loss: 0.1560
INFO:tokamak_foundation_model.trainer.trainer:Epoch 130/200, Train Loss: 0.1583
INFO:tokamak_foundation_model.trainer.trainer:Epoch 130/200, Val Loss: 0.1531
INFO:tokamak_foundation_model.trainer.trainer:Epoch 131/200, Train Loss: 0.1587
INFO:tokamak_foundation_model.trainer.trainer:Epoch 131/200, Val Loss: 0.1552
INFO:tokamak_foundation_model.trainer.trainer:Epoch 132/200, Train Loss: 0.1593
INFO:tokamak_foundation_model.trainer.trainer:Epoch 132/200, Val Loss: 0.1525
INFO:tokamak_foundation_model.trainer.trainer:Epoch 133/200, Train Loss: 0.1582
INFO:tokamak_foundation_model.trainer.trainer:Epoch 133/200, Val Loss: 0.1539
INFO:tokamak_foundation_model.trainer.trainer:Epoch 134/200, Train Loss: 0.1577
INFO:tokamak_foundation_model.trainer.trainer:Epoch 134/200, Val Loss: 0.1525
INFO:tokamak_foundation_model.trainer.trainer:Epoch 135/200, Train Loss: 0.1574
INFO:tokamak_foundation_model.trainer.trainer:Epoch 135/200, Val Loss: 0.1526
INFO:tokamak_foundation_model.trainer.trainer:Epoch 136/200, Train Loss: 0.1575
INFO:tokamak_foundation_model.trainer.trainer:Epoch 136/200, Val Loss: 0.1545
INFO:tokamak_foundation_model.trainer.trainer:Epoch 137/200, Train Loss: 0.1585
INFO:tokamak_foundation_model.trainer.trainer:Epoch 137/200, Val Loss: 0.1539
INFO:tokamak_foundation_model.trainer.trainer:Epoch 138/200, Train Loss: 0.1587
INFO:tokamak_foundation_model.trainer.trainer:Epoch 138/200, Val Loss: 0.1516
INFO:tokamak_foundation_model.trainer.trainer:Best model checkpoint saved!
INFO:tokamak_foundation_model.trainer.trainer:Epoch 139/200, Train Loss: 0.1568
INFO:tokamak_foundation_model.trainer.trainer:Epoch 139/200, Val Loss: 0.1509
INFO:tokamak_foundation_model.trainer.trainer:Best model checkpoint saved!
INFO:tokamak_foundation_model.trainer.trainer:Epoch 140/200, Train Loss: 0.1560
INFO:tokamak_foundation_model.trainer.trainer:Epoch 140/200, Val Loss: 0.1507
INFO:tokamak_foundation_model.trainer.trainer:Best model checkpoint saved!
INFO:tokamak_foundation_model.trainer.trainer:Epoch 141/200, Train Loss: 0.1563
INFO:tokamak_foundation_model.trainer.trainer:Epoch 141/200, Val Loss: 0.1514
INFO:tokamak_foundation_model.trainer.trainer:Epoch 142/200, Train Loss: 0.1559
INFO:tokamak_foundation_model.trainer.trainer:Epoch 142/200, Val Loss: 0.1519
INFO:tokamak_foundation_model.trainer.trainer:Epoch 143/200, Train Loss: 0.1566
INFO:tokamak_foundation_model.trainer.trainer:Epoch 143/200, Val Loss: 0.1520
INFO:tokamak_foundation_model.trainer.trainer:Epoch 144/200, Train Loss: 0.1563
INFO:tokamak_foundation_model.trainer.trainer:Epoch 144/200, Val Loss: 0.1502
INFO:tokamak_foundation_model.trainer.trainer:Best model checkpoint saved!
INFO:tokamak_foundation_model.trainer.trainer:Epoch 145/200, Train Loss: 0.1555
INFO:tokamak_foundation_model.trainer.trainer:Epoch 145/200, Val Loss: 0.1507
INFO:tokamak_foundation_model.trainer.trainer:Epoch 146/200, Train Loss: 0.1555
INFO:tokamak_foundation_model.trainer.trainer:Epoch 146/200, Val Loss: 0.1516
INFO:tokamak_foundation_model.trainer.trainer:Epoch 147/200, Train Loss: 0.1555
INFO:tokamak_foundation_model.trainer.trainer:Epoch 147/200, Val Loss: 0.1510
INFO:tokamak_foundation_model.trainer.trainer:Epoch 148/200, Train Loss: 0.1550
INFO:tokamak_foundation_model.trainer.trainer:Epoch 148/200, Val Loss: 0.1510
INFO:tokamak_foundation_model.trainer.trainer:Epoch 149/200, Train Loss: 0.1547
INFO:tokamak_foundation_model.trainer.trainer:Epoch 149/200, Val Loss: 0.1506
INFO:tokamak_foundation_model.trainer.trainer:Epoch 150/200, Train Loss: 0.1546
INFO:tokamak_foundation_model.trainer.trainer:Epoch 150/200, Val Loss: 0.1505
INFO:tokamak_foundation_model.trainer.trainer:Epoch 151/200, Train Loss: 0.1546
INFO:tokamak_foundation_model.trainer.trainer:Epoch 151/200, Val Loss: 0.1516
INFO:tokamak_foundation_model.trainer.trainer:Epoch 152/200, Train Loss: 0.1550
INFO:tokamak_foundation_model.trainer.trainer:Epoch 152/200, Val Loss: 0.1503
INFO:tokamak_foundation_model.trainer.trainer:Epoch 153/200, Train Loss: 0.1545
INFO:tokamak_foundation_model.trainer.trainer:Epoch 153/200, Val Loss: 0.1497
INFO:tokamak_foundation_model.trainer.trainer:Best model checkpoint saved!
INFO:tokamak_foundation_model.trainer.trainer:Epoch 154/200, Train Loss: 0.1537
INFO:tokamak_foundation_model.trainer.trainer:Epoch 154/200, Val Loss: 0.1497
INFO:tokamak_foundation_model.trainer.trainer:Best model checkpoint saved!
INFO:tokamak_foundation_model.trainer.trainer:Epoch 155/200, Train Loss: 0.1539
INFO:tokamak_foundation_model.trainer.trainer:Epoch 155/200, Val Loss: 0.1507
INFO:tokamak_foundation_model.trainer.trainer:Epoch 156/200, Train Loss: 0.1538
INFO:tokamak_foundation_model.trainer.trainer:Epoch 156/200, Val Loss: 0.1501
INFO:tokamak_foundation_model.trainer.trainer:Epoch 157/200, Train Loss: 0.1539
INFO:tokamak_foundation_model.trainer.trainer:Epoch 157/200, Val Loss: 0.1498
INFO:tokamak_foundation_model.trainer.trainer:Epoch 158/200, Train Loss: 0.1534
INFO:tokamak_foundation_model.trainer.trainer:Epoch 158/200, Val Loss: 0.1504
INFO:tokamak_foundation_model.trainer.trainer:Epoch 159/200, Train Loss: 0.1537
INFO:tokamak_foundation_model.trainer.trainer:Epoch 159/200, Val Loss: 0.1499
INFO:tokamak_foundation_model.trainer.trainer:Epoch 160/200, Train Loss: 0.1531
INFO:tokamak_foundation_model.trainer.trainer:Epoch 160/200, Val Loss: 0.1500
INFO:tokamak_foundation_model.trainer.trainer:Epoch 161/200, Train Loss: 0.1530
INFO:tokamak_foundation_model.trainer.trainer:Epoch 161/200, Val Loss: 0.1499
INFO:tokamak_foundation_model.trainer.trainer:Epoch 162/200, Train Loss: 0.1529
INFO:tokamak_foundation_model.trainer.trainer:Epoch 162/200, Val Loss: 0.1500
INFO:tokamak_foundation_model.trainer.trainer:Epoch 163/200, Train Loss: 0.1529
INFO:tokamak_foundation_model.trainer.trainer:Epoch 163/200, Val Loss: 0.1494
INFO:tokamak_foundation_model.trainer.trainer:Best model checkpoint saved!
INFO:tokamak_foundation_model.trainer.trainer:Epoch 164/200, Train Loss: 0.1529
INFO:tokamak_foundation_model.trainer.trainer:Epoch 164/200, Val Loss: 0.1495
INFO:tokamak_foundation_model.trainer.trainer:Epoch 165/200, Train Loss: 0.1526
INFO:tokamak_foundation_model.trainer.trainer:Epoch 165/200, Val Loss: 0.1495
INFO:tokamak_foundation_model.trainer.trainer:Epoch 166/200, Train Loss: 0.1526
INFO:tokamak_foundation_model.trainer.trainer:Epoch 166/200, Val Loss: 0.1492
INFO:tokamak_foundation_model.trainer.trainer:Best model checkpoint saved!
INFO:tokamak_foundation_model.trainer.trainer:Epoch 167/200, Train Loss: 0.1522
INFO:tokamak_foundation_model.trainer.trainer:Epoch 167/200, Val Loss: 0.1494
INFO:tokamak_foundation_model.trainer.trainer:Epoch 168/200, Train Loss: 0.1525
INFO:tokamak_foundation_model.trainer.trainer:Epoch 168/200, Val Loss: 0.1495
INFO:tokamak_foundation_model.trainer.trainer:Epoch 169/200, Train Loss: 0.1521
INFO:tokamak_foundation_model.trainer.trainer:Epoch 169/200, Val Loss: 0.1495
INFO:tokamak_foundation_model.trainer.trainer:Epoch 170/200, Train Loss: 0.1520
INFO:tokamak_foundation_model.trainer.trainer:Epoch 170/200, Val Loss: 0.1496
INFO:tokamak_foundation_model.trainer.trainer:Epoch 171/200, Train Loss: 0.1521
INFO:tokamak_foundation_model.trainer.trainer:Epoch 171/200, Val Loss: 0.1493
INFO:tokamak_foundation_model.trainer.trainer:Epoch 172/200, Train Loss: 0.1519
INFO:tokamak_foundation_model.trainer.trainer:Epoch 172/200, Val Loss: 0.1492
INFO:tokamak_foundation_model.trainer.trainer:Epoch 173/200, Train Loss: 0.1521
INFO:tokamak_foundation_model.trainer.trainer:Epoch 173/200, Val Loss: 0.1498
INFO:tokamak_foundation_model.trainer.trainer:Epoch 174/200, Train Loss: 0.1518
INFO:tokamak_foundation_model.trainer.trainer:Epoch 174/200, Val Loss: 0.1498
INFO:tokamak_foundation_model.trainer.trainer:Epoch 175/200, Train Loss: 0.1519
INFO:tokamak_foundation_model.trainer.trainer:Epoch 175/200, Val Loss: 0.1493
INFO:tokamak_foundation_model.trainer.trainer:Epoch 176/200, Train Loss: 0.1518
INFO:tokamak_foundation_model.trainer.trainer:Epoch 176/200, Val Loss: 0.1491
INFO:tokamak_foundation_model.trainer.trainer:Best model checkpoint saved!
INFO:tokamak_foundation_model.trainer.trainer:Epoch 177/200, Train Loss: 0.1518
INFO:tokamak_foundation_model.trainer.trainer:Epoch 177/200, Val Loss: 0.1491
INFO:tokamak_foundation_model.trainer.trainer:Best model checkpoint saved!
INFO:tokamak_foundation_model.trainer.trainer:Epoch 178/200, Train Loss: 0.1516
INFO:tokamak_foundation_model.trainer.trainer:Epoch 178/200, Val Loss: 0.1491
INFO:tokamak_foundation_model.trainer.trainer:Best model checkpoint saved!
INFO:tokamak_foundation_model.trainer.trainer:Epoch 179/200, Train Loss: 0.1516
INFO:tokamak_foundation_model.trainer.trainer:Epoch 179/200, Val Loss: 0.1494
INFO:tokamak_foundation_model.trainer.trainer:Epoch 180/200, Train Loss: 0.1515
INFO:tokamak_foundation_model.trainer.trainer:Epoch 180/200, Val Loss: 0.1490
INFO:tokamak_foundation_model.trainer.trainer:Best model checkpoint saved!
INFO:tokamak_foundation_model.trainer.trainer:Epoch 181/200, Train Loss: 0.1514
INFO:tokamak_foundation_model.trainer.trainer:Epoch 181/200, Val Loss: 0.1490
INFO:tokamak_foundation_model.trainer.trainer:Best model checkpoint saved!
INFO:tokamak_foundation_model.trainer.trainer:Epoch 182/200, Train Loss: 0.1515
INFO:tokamak_foundation_model.trainer.trainer:Epoch 182/200, Val Loss: 0.1490
INFO:tokamak_foundation_model.trainer.trainer:Best model checkpoint saved!
INFO:tokamak_foundation_model.trainer.trainer:Epoch 183/200, Train Loss: 0.1513
INFO:tokamak_foundation_model.trainer.trainer:Epoch 183/200, Val Loss: 0.1490
[2026-03-13T03:14:41.016] error: *** STEP 2661187.0 ON stellar-k09g1 CANCELLED AT 2026-03-13T03:14:41 DUE TO TIME LIMIT ***
srun: Job step aborted: Waiting up to 47 seconds for job step to finish.
[2026-03-13T03:14:41.027] error: *** JOB 2661187 ON stellar-k09g1 CANCELLED AT 2026-03-13T03:14:41 DUE TO TIME LIMIT ***
