INFO:__main__:checkpoint folder: tangtv-video-lr0.0001-ntk32-ep200-202603131136
INFO:__main__:Signal: tangtv, Model: video
INFO:__main__:Train shots: 245, Valid shots: 30, Test shots: 30
INFO:__main__:Sample data shape: torch.Size([16, 2, 25, 128, 128]), n_channels: 2
INFO:__main__:Model parameters: 1,573,442
INFO:tokamak_foundation_model.trainer.trainer:Training modality: tangtv
INFO:tokamak_foundation_model.trainer.trainer:Epoch 1/200, Train Loss: 1.3528
INFO:tokamak_foundation_model.trainer.trainer:Epoch 1/200, Val Loss: 0.8981
INFO:tokamak_foundation_model.trainer.trainer:Best model checkpoint saved!
INFO:tokamak_foundation_model.trainer.trainer:Epoch 2/200, Train Loss: 0.8569
INFO:tokamak_foundation_model.trainer.trainer:Epoch 2/200, Val Loss: 0.7857
INFO:tokamak_foundation_model.trainer.trainer:Best model checkpoint saved!
INFO:tokamak_foundation_model.trainer.trainer:Epoch 3/200, Train Loss: 0.7717
INFO:tokamak_foundation_model.trainer.trainer:Epoch 3/200, Val Loss: 0.7887
INFO:tokamak_foundation_model.trainer.trainer:Epoch 4/200, Train Loss: 0.7450
INFO:tokamak_foundation_model.trainer.trainer:Epoch 4/200, Val Loss: 0.7257
INFO:tokamak_foundation_model.trainer.trainer:Best model checkpoint saved!
INFO:tokamak_foundation_model.trainer.trainer:Epoch 5/200, Train Loss: 0.6920
INFO:tokamak_foundation_model.trainer.trainer:Epoch 5/200, Val Loss: 0.7338
INFO:tokamak_foundation_model.trainer.trainer:Epoch 6/200, Train Loss: 0.6767
INFO:tokamak_foundation_model.trainer.trainer:Epoch 6/200, Val Loss: 0.7360
INFO:tokamak_foundation_model.trainer.trainer:Epoch 7/200, Train Loss: 0.6437
INFO:tokamak_foundation_model.trainer.trainer:Epoch 7/200, Val Loss: 0.6610
INFO:tokamak_foundation_model.trainer.trainer:Best model checkpoint saved!
INFO:tokamak_foundation_model.trainer.trainer:Epoch 8/200, Train Loss: 0.6499
INFO:tokamak_foundation_model.trainer.trainer:Epoch 8/200, Val Loss: 0.6665
INFO:tokamak_foundation_model.trainer.trainer:Epoch 9/200, Train Loss: 0.6187
INFO:tokamak_foundation_model.trainer.trainer:Epoch 9/200, Val Loss: 0.6216
INFO:tokamak_foundation_model.trainer.trainer:Best model checkpoint saved!
INFO:tokamak_foundation_model.trainer.trainer:Epoch 10/200, Train Loss: 0.6001
INFO:tokamak_foundation_model.trainer.trainer:Epoch 10/200, Val Loss: 0.6552
INFO:tokamak_foundation_model.trainer.trainer:Epoch 11/200, Train Loss: 0.5996
INFO:tokamak_foundation_model.trainer.trainer:Epoch 11/200, Val Loss: 0.6537
INFO:tokamak_foundation_model.trainer.trainer:Epoch 12/200, Train Loss: 0.5854
INFO:tokamak_foundation_model.trainer.trainer:Epoch 12/200, Val Loss: 0.6955
INFO:tokamak_foundation_model.trainer.trainer:Epoch 13/200, Train Loss: 0.5709
INFO:tokamak_foundation_model.trainer.trainer:Epoch 13/200, Val Loss: 0.6189
INFO:tokamak_foundation_model.trainer.trainer:Best model checkpoint saved!
INFO:tokamak_foundation_model.trainer.trainer:Epoch 14/200, Train Loss: 0.5779
INFO:tokamak_foundation_model.trainer.trainer:Epoch 14/200, Val Loss: 0.6075
INFO:tokamak_foundation_model.trainer.trainer:Best model checkpoint saved!
INFO:tokamak_foundation_model.trainer.trainer:Epoch 15/200, Train Loss: 0.5584
INFO:tokamak_foundation_model.trainer.trainer:Epoch 15/200, Val Loss: 0.6440
INFO:tokamak_foundation_model.trainer.trainer:Epoch 16/200, Train Loss: 0.5554
INFO:tokamak_foundation_model.trainer.trainer:Epoch 16/200, Val Loss: 0.5834
INFO:tokamak_foundation_model.trainer.trainer:Best model checkpoint saved!
INFO:tokamak_foundation_model.trainer.trainer:Epoch 17/200, Train Loss: 0.5530
INFO:tokamak_foundation_model.trainer.trainer:Epoch 17/200, Val Loss: 0.5841
INFO:tokamak_foundation_model.trainer.trainer:Epoch 18/200, Train Loss: 0.5379
INFO:tokamak_foundation_model.trainer.trainer:Epoch 18/200, Val Loss: 0.5963
INFO:tokamak_foundation_model.trainer.trainer:Epoch 19/200, Train Loss: 0.5427
INFO:tokamak_foundation_model.trainer.trainer:Epoch 19/200, Val Loss: 0.5657
INFO:tokamak_foundation_model.trainer.trainer:Best model checkpoint saved!
INFO:tokamak_foundation_model.trainer.trainer:Epoch 20/200, Train Loss: 0.5205
INFO:tokamak_foundation_model.trainer.trainer:Epoch 20/200, Val Loss: 0.5632
INFO:tokamak_foundation_model.trainer.trainer:Best model checkpoint saved!
INFO:tokamak_foundation_model.trainer.trainer:Epoch 21/200, Train Loss: 0.5397
INFO:tokamak_foundation_model.trainer.trainer:Epoch 21/200, Val Loss: 0.5756
INFO:tokamak_foundation_model.trainer.trainer:Epoch 22/200, Train Loss: 0.5202
INFO:tokamak_foundation_model.trainer.trainer:Epoch 22/200, Val Loss: 0.5648
INFO:tokamak_foundation_model.trainer.trainer:Epoch 23/200, Train Loss: 0.5161
INFO:tokamak_foundation_model.trainer.trainer:Epoch 23/200, Val Loss: 0.5736
INFO:tokamak_foundation_model.trainer.trainer:Epoch 24/200, Train Loss: 0.5093
INFO:tokamak_foundation_model.trainer.trainer:Epoch 24/200, Val Loss: 0.5562
INFO:tokamak_foundation_model.trainer.trainer:Best model checkpoint saved!
INFO:tokamak_foundation_model.trainer.trainer:Epoch 25/200, Train Loss: 0.5039
INFO:tokamak_foundation_model.trainer.trainer:Epoch 25/200, Val Loss: 0.5557
INFO:tokamak_foundation_model.trainer.trainer:Best model checkpoint saved!
INFO:tokamak_foundation_model.trainer.trainer:Epoch 26/200, Train Loss: 0.5072
INFO:tokamak_foundation_model.trainer.trainer:Epoch 26/200, Val Loss: 0.5659
INFO:tokamak_foundation_model.trainer.trainer:Epoch 27/200, Train Loss: 0.5041
INFO:tokamak_foundation_model.trainer.trainer:Epoch 27/200, Val Loss: 0.5507
INFO:tokamak_foundation_model.trainer.trainer:Best model checkpoint saved!
INFO:tokamak_foundation_model.trainer.trainer:Epoch 28/200, Train Loss: 0.4949
INFO:tokamak_foundation_model.trainer.trainer:Epoch 28/200, Val Loss: 0.5783
INFO:tokamak_foundation_model.trainer.trainer:Epoch 29/200, Train Loss: 0.5059
INFO:tokamak_foundation_model.trainer.trainer:Epoch 29/200, Val Loss: 0.5575
INFO:tokamak_foundation_model.trainer.trainer:Epoch 30/200, Train Loss: 0.4861
INFO:tokamak_foundation_model.trainer.trainer:Epoch 30/200, Val Loss: 0.5726
INFO:tokamak_foundation_model.trainer.trainer:Epoch 31/200, Train Loss: 0.4868
INFO:tokamak_foundation_model.trainer.trainer:Epoch 31/200, Val Loss: 0.5591
INFO:tokamak_foundation_model.trainer.trainer:Epoch 32/200, Train Loss: 0.4904
INFO:tokamak_foundation_model.trainer.trainer:Epoch 32/200, Val Loss: 0.5623
INFO:tokamak_foundation_model.trainer.trainer:Epoch 33/200, Train Loss: 0.4783
INFO:tokamak_foundation_model.trainer.trainer:Epoch 33/200, Val Loss: 0.5624
INFO:tokamak_foundation_model.trainer.trainer:Epoch 34/200, Train Loss: 0.4801
INFO:tokamak_foundation_model.trainer.trainer:Epoch 34/200, Val Loss: 0.5538
INFO:tokamak_foundation_model.trainer.trainer:Epoch 35/200, Train Loss: 0.4779
INFO:tokamak_foundation_model.trainer.trainer:Epoch 35/200, Val Loss: 0.5542
INFO:tokamak_foundation_model.trainer.trainer:Epoch 36/200, Train Loss: 0.4744
INFO:tokamak_foundation_model.trainer.trainer:Epoch 36/200, Val Loss: 0.5702
INFO:tokamak_foundation_model.trainer.trainer:Epoch 37/200, Train Loss: 0.4735
INFO:tokamak_foundation_model.trainer.trainer:Epoch 37/200, Val Loss: 0.5649
INFO:tokamak_foundation_model.trainer.trainer:Epoch 38/200, Train Loss: 0.4652
INFO:tokamak_foundation_model.trainer.trainer:Epoch 38/200, Val Loss: 0.5639
INFO:tokamak_foundation_model.trainer.trainer:Epoch 39/200, Train Loss: 0.4689
INFO:tokamak_foundation_model.trainer.trainer:Epoch 39/200, Val Loss: 0.5572
INFO:tokamak_foundation_model.trainer.trainer:Epoch 40/200, Train Loss: 0.4649
INFO:tokamak_foundation_model.trainer.trainer:Epoch 40/200, Val Loss: 0.5532
INFO:tokamak_foundation_model.trainer.trainer:Epoch 41/200, Train Loss: 0.4688
INFO:tokamak_foundation_model.trainer.trainer:Epoch 41/200, Val Loss: 0.5558
INFO:tokamak_foundation_model.trainer.trainer:Epoch 42/200, Train Loss: 0.4628
INFO:tokamak_foundation_model.trainer.trainer:Epoch 42/200, Val Loss: 0.5649
INFO:tokamak_foundation_model.trainer.trainer:Epoch 43/200, Train Loss: 0.4595
INFO:tokamak_foundation_model.trainer.trainer:Epoch 43/200, Val Loss: 0.5524
INFO:tokamak_foundation_model.trainer.trainer:Epoch 44/200, Train Loss: 0.4566
INFO:tokamak_foundation_model.trainer.trainer:Epoch 44/200, Val Loss: 0.5545
INFO:tokamak_foundation_model.trainer.trainer:Epoch 45/200, Train Loss: 0.4510
INFO:tokamak_foundation_model.trainer.trainer:Epoch 45/200, Val Loss: 0.5346
INFO:tokamak_foundation_model.trainer.trainer:Best model checkpoint saved!
INFO:tokamak_foundation_model.trainer.trainer:Epoch 46/200, Train Loss: 0.4594
INFO:tokamak_foundation_model.trainer.trainer:Epoch 46/200, Val Loss: 0.5316
INFO:tokamak_foundation_model.trainer.trainer:Best model checkpoint saved!
INFO:tokamak_foundation_model.trainer.trainer:Epoch 47/200, Train Loss: 0.4508
INFO:tokamak_foundation_model.trainer.trainer:Epoch 47/200, Val Loss: 0.6001
INFO:tokamak_foundation_model.trainer.trainer:Epoch 48/200, Train Loss: 0.4544
INFO:tokamak_foundation_model.trainer.trainer:Epoch 48/200, Val Loss: 0.5417
INFO:tokamak_foundation_model.trainer.trainer:Epoch 49/200, Train Loss: 0.4476
INFO:tokamak_foundation_model.trainer.trainer:Epoch 49/200, Val Loss: 0.5506
INFO:tokamak_foundation_model.trainer.trainer:Epoch 50/200, Train Loss: 0.4457
INFO:tokamak_foundation_model.trainer.trainer:Epoch 50/200, Val Loss: 0.5503
INFO:tokamak_foundation_model.trainer.trainer:Epoch 51/200, Train Loss: 0.4479
INFO:tokamak_foundation_model.trainer.trainer:Epoch 51/200, Val Loss: 0.5366
INFO:tokamak_foundation_model.trainer.trainer:Epoch 52/200, Train Loss: 0.4425
INFO:tokamak_foundation_model.trainer.trainer:Epoch 52/200, Val Loss: 0.5398
INFO:tokamak_foundation_model.trainer.trainer:Epoch 53/200, Train Loss: 0.4443
INFO:tokamak_foundation_model.trainer.trainer:Epoch 53/200, Val Loss: 0.5633
INFO:tokamak_foundation_model.trainer.trainer:Epoch 54/200, Train Loss: 0.4381
INFO:tokamak_foundation_model.trainer.trainer:Epoch 54/200, Val Loss: 0.5382
INFO:tokamak_foundation_model.trainer.trainer:Epoch 55/200, Train Loss: 0.4389
INFO:tokamak_foundation_model.trainer.trainer:Epoch 55/200, Val Loss: 0.5498
INFO:tokamak_foundation_model.trainer.trainer:Epoch 56/200, Train Loss: 0.4420
INFO:tokamak_foundation_model.trainer.trainer:Epoch 56/200, Val Loss: 0.5392
INFO:tokamak_foundation_model.trainer.trainer:Epoch 57/200, Train Loss: 0.4363
INFO:tokamak_foundation_model.trainer.trainer:Epoch 57/200, Val Loss: 0.5394
INFO:tokamak_foundation_model.trainer.trainer:Epoch 58/200, Train Loss: 0.4464
INFO:tokamak_foundation_model.trainer.trainer:Epoch 58/200, Val Loss: 0.5323
INFO:tokamak_foundation_model.trainer.trainer:Epoch 59/200, Train Loss: 0.4288
INFO:tokamak_foundation_model.trainer.trainer:Epoch 59/200, Val Loss: 0.5465
INFO:tokamak_foundation_model.trainer.trainer:Epoch 60/200, Train Loss: 0.4391
INFO:tokamak_foundation_model.trainer.trainer:Epoch 60/200, Val Loss: 0.5356
INFO:tokamak_foundation_model.trainer.trainer:Epoch 61/200, Train Loss: 0.4335
INFO:tokamak_foundation_model.trainer.trainer:Epoch 61/200, Val Loss: 0.5344
INFO:tokamak_foundation_model.trainer.trainer:Epoch 62/200, Train Loss: 0.4315
INFO:tokamak_foundation_model.trainer.trainer:Epoch 62/200, Val Loss: 0.5384
INFO:tokamak_foundation_model.trainer.trainer:Epoch 63/200, Train Loss: 0.4286
INFO:tokamak_foundation_model.trainer.trainer:Epoch 63/200, Val Loss: 0.5331
INFO:tokamak_foundation_model.trainer.trainer:Epoch 64/200, Train Loss: 0.4374
INFO:tokamak_foundation_model.trainer.trainer:Epoch 64/200, Val Loss: 0.5384
INFO:tokamak_foundation_model.trainer.trainer:Epoch 65/200, Train Loss: 0.4263
INFO:tokamak_foundation_model.trainer.trainer:Epoch 65/200, Val Loss: 0.5689
INFO:tokamak_foundation_model.trainer.trainer:Epoch 66/200, Train Loss: 0.4317
INFO:tokamak_foundation_model.trainer.trainer:Epoch 66/200, Val Loss: 0.5285
INFO:tokamak_foundation_model.trainer.trainer:Best model checkpoint saved!
INFO:tokamak_foundation_model.trainer.trainer:Epoch 67/200, Train Loss: 0.4307
INFO:tokamak_foundation_model.trainer.trainer:Epoch 67/200, Val Loss: 0.5268
INFO:tokamak_foundation_model.trainer.trainer:Best model checkpoint saved!
INFO:tokamak_foundation_model.trainer.trainer:Epoch 68/200, Train Loss: 0.4201
INFO:tokamak_foundation_model.trainer.trainer:Epoch 68/200, Val Loss: 0.5309
INFO:tokamak_foundation_model.trainer.trainer:Epoch 69/200, Train Loss: 0.4191
INFO:tokamak_foundation_model.trainer.trainer:Epoch 69/200, Val Loss: 0.5303
INFO:tokamak_foundation_model.trainer.trainer:Epoch 70/200, Train Loss: 0.4224
INFO:tokamak_foundation_model.trainer.trainer:Epoch 70/200, Val Loss: 0.5397
INFO:tokamak_foundation_model.trainer.trainer:Epoch 71/200, Train Loss: 0.4236
INFO:tokamak_foundation_model.trainer.trainer:Epoch 71/200, Val Loss: 0.5421
INFO:tokamak_foundation_model.trainer.trainer:Epoch 72/200, Train Loss: 0.4227
INFO:tokamak_foundation_model.trainer.trainer:Epoch 72/200, Val Loss: 0.5303
INFO:tokamak_foundation_model.trainer.trainer:Epoch 73/200, Train Loss: 0.4231
INFO:tokamak_foundation_model.trainer.trainer:Epoch 73/200, Val Loss: 0.5354
INFO:tokamak_foundation_model.trainer.trainer:Epoch 74/200, Train Loss: 0.4171
INFO:tokamak_foundation_model.trainer.trainer:Epoch 74/200, Val Loss: 0.5280
INFO:tokamak_foundation_model.trainer.trainer:Epoch 75/200, Train Loss: 0.4169
INFO:tokamak_foundation_model.trainer.trainer:Epoch 75/200, Val Loss: 0.5293
INFO:tokamak_foundation_model.trainer.trainer:Epoch 76/200, Train Loss: 0.4179
INFO:tokamak_foundation_model.trainer.trainer:Epoch 76/200, Val Loss: 0.5301
INFO:tokamak_foundation_model.trainer.trainer:Epoch 77/200, Train Loss: 0.4163
INFO:tokamak_foundation_model.trainer.trainer:Epoch 77/200, Val Loss: 0.5146
INFO:tokamak_foundation_model.trainer.trainer:Best model checkpoint saved!
INFO:tokamak_foundation_model.trainer.trainer:Epoch 78/200, Train Loss: 0.4148
INFO:tokamak_foundation_model.trainer.trainer:Epoch 78/200, Val Loss: 0.5380
INFO:tokamak_foundation_model.trainer.trainer:Epoch 79/200, Train Loss: 0.4156
INFO:tokamak_foundation_model.trainer.trainer:Epoch 79/200, Val Loss: 0.5245
INFO:tokamak_foundation_model.trainer.trainer:Epoch 80/200, Train Loss: 0.4113
INFO:tokamak_foundation_model.trainer.trainer:Epoch 80/200, Val Loss: 0.5339
INFO:tokamak_foundation_model.trainer.trainer:Epoch 81/200, Train Loss: 0.4147
INFO:tokamak_foundation_model.trainer.trainer:Epoch 81/200, Val Loss: 0.5242
INFO:tokamak_foundation_model.trainer.trainer:Epoch 82/200, Train Loss: 0.4131
INFO:tokamak_foundation_model.trainer.trainer:Epoch 82/200, Val Loss: 0.5278
INFO:tokamak_foundation_model.trainer.trainer:Epoch 83/200, Train Loss: 0.4110
INFO:tokamak_foundation_model.trainer.trainer:Epoch 83/200, Val Loss: 0.5209
INFO:tokamak_foundation_model.trainer.trainer:Epoch 84/200, Train Loss: 0.4101
INFO:tokamak_foundation_model.trainer.trainer:Epoch 84/200, Val Loss: 0.5217
INFO:tokamak_foundation_model.trainer.trainer:Epoch 85/200, Train Loss: 0.4078
INFO:tokamak_foundation_model.trainer.trainer:Epoch 85/200, Val Loss: 0.5223
INFO:tokamak_foundation_model.trainer.trainer:Epoch 86/200, Train Loss: 0.4052
INFO:tokamak_foundation_model.trainer.trainer:Epoch 86/200, Val Loss: 0.5277
INFO:tokamak_foundation_model.trainer.trainer:Epoch 87/200, Train Loss: 0.4101
INFO:tokamak_foundation_model.trainer.trainer:Epoch 87/200, Val Loss: 0.5191
INFO:tokamak_foundation_model.trainer.trainer:Epoch 88/200, Train Loss: 0.4059
INFO:tokamak_foundation_model.trainer.trainer:Epoch 88/200, Val Loss: 0.5255
INFO:tokamak_foundation_model.trainer.trainer:Epoch 89/200, Train Loss: 0.4117
INFO:tokamak_foundation_model.trainer.trainer:Epoch 89/200, Val Loss: 0.5257
INFO:tokamak_foundation_model.trainer.trainer:Epoch 90/200, Train Loss: 0.4065
INFO:tokamak_foundation_model.trainer.trainer:Epoch 90/200, Val Loss: 0.5196
INFO:tokamak_foundation_model.trainer.trainer:Epoch 91/200, Train Loss: 0.4039
INFO:tokamak_foundation_model.trainer.trainer:Epoch 91/200, Val Loss: 0.5241
INFO:tokamak_foundation_model.trainer.trainer:Epoch 92/200, Train Loss: 0.4026
INFO:tokamak_foundation_model.trainer.trainer:Epoch 92/200, Val Loss: 0.5183
INFO:tokamak_foundation_model.trainer.trainer:Epoch 93/200, Train Loss: 0.4025
INFO:tokamak_foundation_model.trainer.trainer:Epoch 93/200, Val Loss: 0.5129
INFO:tokamak_foundation_model.trainer.trainer:Best model checkpoint saved!
INFO:tokamak_foundation_model.trainer.trainer:Epoch 94/200, Train Loss: 0.4011
INFO:tokamak_foundation_model.trainer.trainer:Epoch 94/200, Val Loss: 0.5144
INFO:tokamak_foundation_model.trainer.trainer:Epoch 95/200, Train Loss: 0.4046
INFO:tokamak_foundation_model.trainer.trainer:Epoch 95/200, Val Loss: 0.5166
INFO:tokamak_foundation_model.trainer.trainer:Epoch 96/200, Train Loss: 0.3984
INFO:tokamak_foundation_model.trainer.trainer:Epoch 96/200, Val Loss: 0.5165
INFO:tokamak_foundation_model.trainer.trainer:Epoch 97/200, Train Loss: 0.3985
INFO:tokamak_foundation_model.trainer.trainer:Epoch 97/200, Val Loss: 0.5187
INFO:tokamak_foundation_model.trainer.trainer:Epoch 98/200, Train Loss: 0.4016
INFO:tokamak_foundation_model.trainer.trainer:Epoch 98/200, Val Loss: 0.5246
INFO:tokamak_foundation_model.trainer.trainer:Epoch 99/200, Train Loss: 0.3976
INFO:tokamak_foundation_model.trainer.trainer:Epoch 99/200, Val Loss: 0.5251
INFO:tokamak_foundation_model.trainer.trainer:Epoch 100/200, Train Loss: 0.3960
INFO:tokamak_foundation_model.trainer.trainer:Epoch 100/200, Val Loss: 0.5267
INFO:tokamak_foundation_model.trainer.trainer:Epoch 101/200, Train Loss: 0.3975
INFO:tokamak_foundation_model.trainer.trainer:Epoch 101/200, Val Loss: 0.5164
INFO:tokamak_foundation_model.trainer.trainer:Epoch 102/200, Train Loss: 0.3962
INFO:tokamak_foundation_model.trainer.trainer:Epoch 102/200, Val Loss: 0.5208
INFO:tokamak_foundation_model.trainer.trainer:Epoch 103/200, Train Loss: 0.3976
INFO:tokamak_foundation_model.trainer.trainer:Epoch 103/200, Val Loss: 0.5149
INFO:tokamak_foundation_model.trainer.trainer:Epoch 104/200, Train Loss: 0.3954
INFO:tokamak_foundation_model.trainer.trainer:Epoch 104/200, Val Loss: 0.5303
INFO:tokamak_foundation_model.trainer.trainer:Epoch 105/200, Train Loss: 0.3929
INFO:tokamak_foundation_model.trainer.trainer:Epoch 105/200, Val Loss: 0.5172
INFO:tokamak_foundation_model.trainer.trainer:Epoch 106/200, Train Loss: 0.3945
INFO:tokamak_foundation_model.trainer.trainer:Epoch 106/200, Val Loss: 0.5194
INFO:tokamak_foundation_model.trainer.trainer:Epoch 107/200, Train Loss: 0.3948
INFO:tokamak_foundation_model.trainer.trainer:Epoch 107/200, Val Loss: 0.5199
INFO:tokamak_foundation_model.trainer.trainer:Epoch 108/200, Train Loss: 0.3921
INFO:tokamak_foundation_model.trainer.trainer:Epoch 108/200, Val Loss: 0.5161
INFO:tokamak_foundation_model.trainer.trainer:Epoch 109/200, Train Loss: 0.3917
INFO:tokamak_foundation_model.trainer.trainer:Epoch 109/200, Val Loss: 0.5158
INFO:tokamak_foundation_model.trainer.trainer:Epoch 110/200, Train Loss: 0.3910
INFO:tokamak_foundation_model.trainer.trainer:Epoch 110/200, Val Loss: 0.5175
INFO:tokamak_foundation_model.trainer.trainer:Epoch 111/200, Train Loss: 0.3929
INFO:tokamak_foundation_model.trainer.trainer:Epoch 111/200, Val Loss: 0.5128
INFO:tokamak_foundation_model.trainer.trainer:Best model checkpoint saved!
INFO:tokamak_foundation_model.trainer.trainer:Epoch 112/200, Train Loss: 0.3888
INFO:tokamak_foundation_model.trainer.trainer:Epoch 112/200, Val Loss: 0.5147
INFO:tokamak_foundation_model.trainer.trainer:Epoch 113/200, Train Loss: 0.3880
INFO:tokamak_foundation_model.trainer.trainer:Epoch 113/200, Val Loss: 0.5197
INFO:tokamak_foundation_model.trainer.trainer:Epoch 114/200, Train Loss: 0.3930
INFO:tokamak_foundation_model.trainer.trainer:Epoch 114/200, Val Loss: 0.5132
INFO:tokamak_foundation_model.trainer.trainer:Epoch 115/200, Train Loss: 0.3873
INFO:tokamak_foundation_model.trainer.trainer:Epoch 115/200, Val Loss: 0.5160
INFO:tokamak_foundation_model.trainer.trainer:Epoch 116/200, Train Loss: 0.3892
INFO:tokamak_foundation_model.trainer.trainer:Epoch 116/200, Val Loss: 0.5125
INFO:tokamak_foundation_model.trainer.trainer:Best model checkpoint saved!
INFO:tokamak_foundation_model.trainer.trainer:Epoch 117/200, Train Loss: 0.3877
INFO:tokamak_foundation_model.trainer.trainer:Epoch 117/200, Val Loss: 0.5127
INFO:tokamak_foundation_model.trainer.trainer:Epoch 118/200, Train Loss: 0.3884
INFO:tokamak_foundation_model.trainer.trainer:Epoch 118/200, Val Loss: 0.5135
INFO:tokamak_foundation_model.trainer.trainer:Epoch 119/200, Train Loss: 0.3861
INFO:tokamak_foundation_model.trainer.trainer:Epoch 119/200, Val Loss: 0.5126
INFO:tokamak_foundation_model.trainer.trainer:Epoch 120/200, Train Loss: 0.3865
INFO:tokamak_foundation_model.trainer.trainer:Epoch 120/200, Val Loss: 0.5131
INFO:tokamak_foundation_model.trainer.trainer:Epoch 121/200, Train Loss: 0.3848
INFO:tokamak_foundation_model.trainer.trainer:Epoch 121/200, Val Loss: 0.5191
INFO:tokamak_foundation_model.trainer.trainer:Epoch 122/200, Train Loss: 0.3883
INFO:tokamak_foundation_model.trainer.trainer:Epoch 122/200, Val Loss: 0.5126
INFO:tokamak_foundation_model.trainer.trainer:Epoch 123/200, Train Loss: 0.3858
INFO:tokamak_foundation_model.trainer.trainer:Epoch 123/200, Val Loss: 0.5098
INFO:tokamak_foundation_model.trainer.trainer:Best model checkpoint saved!
INFO:tokamak_foundation_model.trainer.trainer:Epoch 124/200, Train Loss: 0.3828
INFO:tokamak_foundation_model.trainer.trainer:Epoch 124/200, Val Loss: 0.5139
INFO:tokamak_foundation_model.trainer.trainer:Epoch 125/200, Train Loss: 0.3852
INFO:tokamak_foundation_model.trainer.trainer:Epoch 125/200, Val Loss: 0.5100
INFO:tokamak_foundation_model.trainer.trainer:Epoch 126/200, Train Loss: 0.3852
INFO:tokamak_foundation_model.trainer.trainer:Epoch 126/200, Val Loss: 0.5109
INFO:tokamak_foundation_model.trainer.trainer:Epoch 127/200, Train Loss: 0.3829
INFO:tokamak_foundation_model.trainer.trainer:Epoch 127/200, Val Loss: 0.5163
INFO:tokamak_foundation_model.trainer.trainer:Epoch 128/200, Train Loss: 0.3849
INFO:tokamak_foundation_model.trainer.trainer:Epoch 128/200, Val Loss: 0.5091
INFO:tokamak_foundation_model.trainer.trainer:Best model checkpoint saved!
INFO:tokamak_foundation_model.trainer.trainer:Epoch 129/200, Train Loss: 0.3814
INFO:tokamak_foundation_model.trainer.trainer:Epoch 129/200, Val Loss: 0.5084
INFO:tokamak_foundation_model.trainer.trainer:Best model checkpoint saved!
INFO:tokamak_foundation_model.trainer.trainer:Epoch 130/200, Train Loss: 0.3808
INFO:tokamak_foundation_model.trainer.trainer:Epoch 130/200, Val Loss: 0.5068
INFO:tokamak_foundation_model.trainer.trainer:Best model checkpoint saved!
INFO:tokamak_foundation_model.trainer.trainer:Epoch 131/200, Train Loss: 0.3822
INFO:tokamak_foundation_model.trainer.trainer:Epoch 131/200, Val Loss: 0.5060
INFO:tokamak_foundation_model.trainer.trainer:Best model checkpoint saved!
INFO:tokamak_foundation_model.trainer.trainer:Epoch 132/200, Train Loss: 0.3798
INFO:tokamak_foundation_model.trainer.trainer:Epoch 132/200, Val Loss: 0.5083
INFO:tokamak_foundation_model.trainer.trainer:Epoch 133/200, Train Loss: 0.3803
INFO:tokamak_foundation_model.trainer.trainer:Epoch 133/200, Val Loss: 0.5067
INFO:tokamak_foundation_model.trainer.trainer:Epoch 134/200, Train Loss: 0.3801
INFO:tokamak_foundation_model.trainer.trainer:Epoch 134/200, Val Loss: 0.5132
INFO:tokamak_foundation_model.trainer.trainer:Epoch 135/200, Train Loss: 0.3788
INFO:tokamak_foundation_model.trainer.trainer:Epoch 135/200, Val Loss: 0.5071
INFO:tokamak_foundation_model.trainer.trainer:Epoch 136/200, Train Loss: 0.3788
INFO:tokamak_foundation_model.trainer.trainer:Epoch 136/200, Val Loss: 0.5082
INFO:tokamak_foundation_model.trainer.trainer:Epoch 137/200, Train Loss: 0.3787
INFO:tokamak_foundation_model.trainer.trainer:Epoch 137/200, Val Loss: 0.5077
INFO:tokamak_foundation_model.trainer.trainer:Epoch 138/200, Train Loss: 0.3790
INFO:tokamak_foundation_model.trainer.trainer:Epoch 138/200, Val Loss: 0.5065
INFO:tokamak_foundation_model.trainer.trainer:Epoch 139/200, Train Loss: 0.3775
INFO:tokamak_foundation_model.trainer.trainer:Epoch 139/200, Val Loss: 0.5098
INFO:tokamak_foundation_model.trainer.trainer:Epoch 140/200, Train Loss: 0.3774
INFO:tokamak_foundation_model.trainer.trainer:Epoch 140/200, Val Loss: 0.5063
INFO:tokamak_foundation_model.trainer.trainer:Epoch 141/200, Train Loss: 0.3785
INFO:tokamak_foundation_model.trainer.trainer:Epoch 141/200, Val Loss: 0.5094
INFO:tokamak_foundation_model.trainer.trainer:Epoch 142/200, Train Loss: 0.3768
INFO:tokamak_foundation_model.trainer.trainer:Epoch 142/200, Val Loss: 0.5094
INFO:tokamak_foundation_model.trainer.trainer:Epoch 143/200, Train Loss: 0.3768
INFO:tokamak_foundation_model.trainer.trainer:Epoch 143/200, Val Loss: 0.5065
INFO:tokamak_foundation_model.trainer.trainer:Epoch 144/200, Train Loss: 0.3759
INFO:tokamak_foundation_model.trainer.trainer:Epoch 144/200, Val Loss: 0.5078
INFO:tokamak_foundation_model.trainer.trainer:Epoch 145/200, Train Loss: 0.3769
INFO:tokamak_foundation_model.trainer.trainer:Epoch 145/200, Val Loss: 0.5083
INFO:tokamak_foundation_model.trainer.trainer:Epoch 146/200, Train Loss: 0.3762
INFO:tokamak_foundation_model.trainer.trainer:Epoch 146/200, Val Loss: 0.5071
INFO:tokamak_foundation_model.trainer.trainer:Epoch 147/200, Train Loss: 0.3755
INFO:tokamak_foundation_model.trainer.trainer:Epoch 147/200, Val Loss: 0.5096
INFO:tokamak_foundation_model.trainer.trainer:Epoch 148/200, Train Loss: 0.3752
INFO:tokamak_foundation_model.trainer.trainer:Epoch 148/200, Val Loss: 0.5086
INFO:tokamak_foundation_model.trainer.trainer:Epoch 149/200, Train Loss: 0.3754
INFO:tokamak_foundation_model.trainer.trainer:Epoch 149/200, Val Loss: 0.5064
INFO:tokamak_foundation_model.trainer.trainer:Epoch 150/200, Train Loss: 0.3745
INFO:tokamak_foundation_model.trainer.trainer:Epoch 150/200, Val Loss: 0.5081
INFO:tokamak_foundation_model.trainer.trainer:Epoch 151/200, Train Loss: 0.3744
INFO:tokamak_foundation_model.trainer.trainer:Epoch 151/200, Val Loss: 0.5087
INFO:tokamak_foundation_model.trainer.trainer:Epoch 152/200, Train Loss: 0.3736
INFO:tokamak_foundation_model.trainer.trainer:Epoch 152/200, Val Loss: 0.5063
INFO:tokamak_foundation_model.trainer.trainer:Epoch 153/200, Train Loss: 0.3742
INFO:tokamak_foundation_model.trainer.trainer:Epoch 153/200, Val Loss: 0.5092
INFO:tokamak_foundation_model.trainer.trainer:Epoch 154/200, Train Loss: 0.3740
INFO:tokamak_foundation_model.trainer.trainer:Epoch 154/200, Val Loss: 0.5104
INFO:tokamak_foundation_model.trainer.trainer:Epoch 155/200, Train Loss: 0.3732
INFO:tokamak_foundation_model.trainer.trainer:Epoch 155/200, Val Loss: 0.5057
INFO:tokamak_foundation_model.trainer.trainer:Best model checkpoint saved!
INFO:tokamak_foundation_model.trainer.trainer:Epoch 156/200, Train Loss: 0.3730
INFO:tokamak_foundation_model.trainer.trainer:Epoch 156/200, Val Loss: 0.5078
INFO:tokamak_foundation_model.trainer.trainer:Epoch 157/200, Train Loss: 0.3733
INFO:tokamak_foundation_model.trainer.trainer:Epoch 157/200, Val Loss: 0.5066
INFO:tokamak_foundation_model.trainer.trainer:Epoch 158/200, Train Loss: 0.3721
INFO:tokamak_foundation_model.trainer.trainer:Epoch 158/200, Val Loss: 0.5068
INFO:tokamak_foundation_model.trainer.trainer:Epoch 159/200, Train Loss: 0.3727
INFO:tokamak_foundation_model.trainer.trainer:Epoch 159/200, Val Loss: 0.5089
INFO:tokamak_foundation_model.trainer.trainer:Epoch 160/200, Train Loss: 0.3724
INFO:tokamak_foundation_model.trainer.trainer:Epoch 160/200, Val Loss: 0.5080
INFO:tokamak_foundation_model.trainer.trainer:Epoch 161/200, Train Loss: 0.3723
INFO:tokamak_foundation_model.trainer.trainer:Epoch 161/200, Val Loss: 0.5074
INFO:tokamak_foundation_model.trainer.trainer:Epoch 162/200, Train Loss: 0.3715
INFO:tokamak_foundation_model.trainer.trainer:Epoch 162/200, Val Loss: 0.5070
INFO:tokamak_foundation_model.trainer.trainer:Epoch 163/200, Train Loss: 0.3716
INFO:tokamak_foundation_model.trainer.trainer:Epoch 163/200, Val Loss: 0.5069
INFO:tokamak_foundation_model.trainer.trainer:Epoch 164/200, Train Loss: 0.3716
INFO:tokamak_foundation_model.trainer.trainer:Epoch 164/200, Val Loss: 0.5069
INFO:tokamak_foundation_model.trainer.trainer:Epoch 165/200, Train Loss: 0.3714
INFO:tokamak_foundation_model.trainer.trainer:Epoch 165/200, Val Loss: 0.5068
INFO:tokamak_foundation_model.trainer.trainer:Epoch 166/200, Train Loss: 0.3714
INFO:tokamak_foundation_model.trainer.trainer:Epoch 166/200, Val Loss: 0.5070
INFO:tokamak_foundation_model.trainer.trainer:Epoch 167/200, Train Loss: 0.3711
INFO:tokamak_foundation_model.trainer.trainer:Epoch 167/200, Val Loss: 0.5074
INFO:tokamak_foundation_model.trainer.trainer:Epoch 168/200, Train Loss: 0.3721
INFO:tokamak_foundation_model.trainer.trainer:Epoch 168/200, Val Loss: 0.5072
INFO:tokamak_foundation_model.trainer.trainer:Epoch 169/200, Train Loss: 0.3704
INFO:tokamak_foundation_model.trainer.trainer:Epoch 169/200, Val Loss: 0.5074
INFO:tokamak_foundation_model.trainer.trainer:Epoch 170/200, Train Loss: 0.3710
INFO:tokamak_foundation_model.trainer.trainer:Epoch 170/200, Val Loss: 0.5073
INFO:tokamak_foundation_model.trainer.trainer:Epoch 171/200, Train Loss: 0.3709
INFO:tokamak_foundation_model.trainer.trainer:Epoch 171/200, Val Loss: 0.5074
INFO:tokamak_foundation_model.trainer.trainer:Epoch 172/200, Train Loss: 0.3700
INFO:tokamak_foundation_model.trainer.trainer:Epoch 172/200, Val Loss: 0.5074
INFO:tokamak_foundation_model.trainer.trainer:Epoch 173/200, Train Loss: 0.3701
INFO:tokamak_foundation_model.trainer.trainer:Epoch 173/200, Val Loss: 0.5072
INFO:tokamak_foundation_model.trainer.trainer:Epoch 174/200, Train Loss: 0.3700
INFO:tokamak_foundation_model.trainer.trainer:Epoch 174/200, Val Loss: 0.5070
INFO:tokamak_foundation_model.trainer.trainer:Epoch 175/200, Train Loss: 0.3697
INFO:tokamak_foundation_model.trainer.trainer:Epoch 175/200, Val Loss: 0.5073
INFO:tokamak_foundation_model.trainer.trainer:Epoch 176/200, Train Loss: 0.3695
INFO:tokamak_foundation_model.trainer.trainer:Epoch 176/200, Val Loss: 0.5073
INFO:tokamak_foundation_model.trainer.trainer:Epoch 177/200, Train Loss: 0.3694
INFO:tokamak_foundation_model.trainer.trainer:Epoch 177/200, Val Loss: 0.5072
INFO:tokamak_foundation_model.trainer.trainer:Epoch 178/200, Train Loss: 0.3698
INFO:tokamak_foundation_model.trainer.trainer:Epoch 178/200, Val Loss: 0.5071
INFO:tokamak_foundation_model.trainer.trainer:Epoch 179/200, Train Loss: 0.3696
INFO:tokamak_foundation_model.trainer.trainer:Epoch 179/200, Val Loss: 0.5070
INFO:tokamak_foundation_model.trainer.trainer:Epoch 180/200, Train Loss: 0.3692
INFO:tokamak_foundation_model.trainer.trainer:Epoch 180/200, Val Loss: 0.5072
INFO:tokamak_foundation_model.trainer.trainer:Epoch 181/200, Train Loss: 0.3696
INFO:tokamak_foundation_model.trainer.trainer:Epoch 181/200, Val Loss: 0.5074
INFO:tokamak_foundation_model.trainer.trainer:Epoch 182/200, Train Loss: 0.3696
INFO:tokamak_foundation_model.trainer.trainer:Epoch 182/200, Val Loss: 0.5071
INFO:tokamak_foundation_model.trainer.trainer:Epoch 183/200, Train Loss: 0.3691
INFO:tokamak_foundation_model.trainer.trainer:Epoch 183/200, Val Loss: 0.5074
INFO:tokamak_foundation_model.trainer.trainer:Epoch 184/200, Train Loss: 0.3692
INFO:tokamak_foundation_model.trainer.trainer:Epoch 184/200, Val Loss: 0.5070
INFO:tokamak_foundation_model.trainer.trainer:Epoch 185/200, Train Loss: 0.3688
INFO:tokamak_foundation_model.trainer.trainer:Epoch 185/200, Val Loss: 0.5070
INFO:tokamak_foundation_model.trainer.trainer:Epoch 186/200, Train Loss: 0.3689
INFO:tokamak_foundation_model.trainer.trainer:Epoch 186/200, Val Loss: 0.5071
INFO:tokamak_foundation_model.trainer.trainer:Epoch 187/200, Train Loss: 0.3688
INFO:tokamak_foundation_model.trainer.trainer:Epoch 187/200, Val Loss: 0.5073
INFO:tokamak_foundation_model.trainer.trainer:Epoch 188/200, Train Loss: 0.3687
INFO:tokamak_foundation_model.trainer.trainer:Epoch 188/200, Val Loss: 0.5070
INFO:tokamak_foundation_model.trainer.trainer:Epoch 189/200, Train Loss: 0.3689
INFO:tokamak_foundation_model.trainer.trainer:Epoch 189/200, Val Loss: 0.5072
INFO:tokamak_foundation_model.trainer.trainer:Epoch 190/200, Train Loss: 0.3689
INFO:tokamak_foundation_model.trainer.trainer:Epoch 190/200, Val Loss: 0.5070
INFO:tokamak_foundation_model.trainer.trainer:Epoch 191/200, Train Loss: 0.3686
INFO:tokamak_foundation_model.trainer.trainer:Epoch 191/200, Val Loss: 0.5070
INFO:tokamak_foundation_model.trainer.trainer:Epoch 192/200, Train Loss: 0.3692
INFO:tokamak_foundation_model.trainer.trainer:Epoch 192/200, Val Loss: 0.5071
INFO:tokamak_foundation_model.trainer.trainer:Epoch 193/200, Train Loss: 0.3689
INFO:tokamak_foundation_model.trainer.trainer:Epoch 193/200, Val Loss: 0.5070
INFO:tokamak_foundation_model.trainer.trainer:Epoch 194/200, Train Loss: 0.3688
INFO:tokamak_foundation_model.trainer.trainer:Epoch 194/200, Val Loss: 0.5070
INFO:tokamak_foundation_model.trainer.trainer:Epoch 195/200, Train Loss: 0.3694
INFO:tokamak_foundation_model.trainer.trainer:Epoch 195/200, Val Loss: 0.5070
INFO:tokamak_foundation_model.trainer.trainer:Epoch 196/200, Train Loss: 0.3688
INFO:tokamak_foundation_model.trainer.trainer:Epoch 196/200, Val Loss: 0.5070
INFO:tokamak_foundation_model.trainer.trainer:Epoch 197/200, Train Loss: 0.3684
INFO:tokamak_foundation_model.trainer.trainer:Epoch 197/200, Val Loss: 0.5070
INFO:tokamak_foundation_model.trainer.trainer:Epoch 198/200, Train Loss: 0.3688
INFO:tokamak_foundation_model.trainer.trainer:Epoch 198/200, Val Loss: 0.5070
INFO:tokamak_foundation_model.trainer.trainer:Epoch 199/200, Train Loss: 0.3686
INFO:tokamak_foundation_model.trainer.trainer:Epoch 199/200, Val Loss: 0.5070
INFO:tokamak_foundation_model.trainer.trainer:Epoch 200/200, Train Loss: 0.3685
INFO:tokamak_foundation_model.trainer.trainer:Epoch 200/200, Val Loss: 0.5070
INFO:tokamak_foundation_model.trainer.trainer:Training complete.
